{"/home/ghost/repos/mainsail/src/util/mesh/index.ts": {"path":"/home/ghost/repos/mainsail/src/util/mesh/index.ts","statementMap":{"0":{"start":{"line":36,"column":26},"end":{"line":36,"column":null}},"1":{"start":{"line":37,"column":22},"end":{"line":37,"column":null}},"2":{"start":{"line":39,"column":19},"end":{"line":39,"column":null}},"3":{"start":{"line":41,"column":78},"end":{"line":41,"column":null}},"4":{"start":{"line":43,"column":4},"end":{"line":67,"column":null}},"5":{"start":{"line":45,"column":27},"end":{"line":45,"column":null}},"6":{"start":{"line":46,"column":29},"end":{"line":46,"column":null}},"7":{"start":{"line":47,"column":12},"end":{"line":47,"column":null}},"8":{"start":{"line":48,"column":12},"end":{"line":48,"column":null}},"9":{"start":{"line":52,"column":27},"end":{"line":52,"column":null}},"10":{"start":{"line":53,"column":12},"end":{"line":53,"column":null}},"11":{"start":{"line":54,"column":12},"end":{"line":54,"column":null}},"12":{"start":{"line":58,"column":25},"end":{"line":58,"column":null}},"13":{"start":{"line":59,"column":27},"end":{"line":59,"column":null}},"14":{"start":{"line":60,"column":29},"end":{"line":60,"column":null}},"15":{"start":{"line":61,"column":12},"end":{"line":61,"column":null}},"16":{"start":{"line":62,"column":12},"end":{"line":62,"column":null}},"17":{"start":{"line":66,"column":12},"end":{"line":66,"column":null}},"18":{"start":{"line":70,"column":19},"end":{"line":70,"column":null}},"19":{"start":{"line":71,"column":24},"end":{"line":71,"column":null}},"20":{"start":{"line":72,"column":22},"end":{"line":72,"column":null}},"21":{"start":{"line":74,"column":4},"end":{"line":85,"column":null}},"22":{"start":{"line":75,"column":8},"end":{"line":75,"column":null}},"23":{"start":{"line":76,"column":8},"end":{"line":78,"column":null}},"24":{"start":{"line":77,"column":12},"end":{"line":77,"column":null}},"25":{"start":{"line":80,"column":26},"end":{"line":80,"column":null}},"26":{"start":{"line":81,"column":8},"end":{"line":84,"column":null}},"27":{"start":{"line":82,"column":12},"end":{"line":82,"column":null}},"28":{"start":{"line":83,"column":12},"end":{"line":83,"column":null}},"29":{"start":{"line":87,"column":4},"end":{"line":87,"column":null}},"30":{"start":{"line":94,"column":4},"end":{"line":94,"column":null}},"31":{"start":{"line":96,"column":4},"end":{"line":96,"column":null}},"32":{"start":{"line":96,"column":31},"end":{"line":96,"column":null}},"33":{"start":{"line":98,"column":19},"end":{"line":98,"column":null}},"34":{"start":{"line":99,"column":4},"end":{"line":99,"column":null}},"35":{"start":{"line":102,"column":4},"end":{"line":102,"column":null}},"36":{"start":{"line":110,"column":22},"end":{"line":110,"column":null}},"37":{"start":{"line":111,"column":4},"end":{"line":111,"column":null}},"38":{"start":{"line":111,"column":20},"end":{"line":111,"column":null}},"39":{"start":{"line":113,"column":17},"end":{"line":113,"column":null}},"40":{"start":{"line":114,"column":15},"end":{"line":114,"column":null}},"41":{"start":{"line":115,"column":15},"end":{"line":115,"column":null}},"42":{"start":{"line":116,"column":15},"end":{"line":116,"column":null}},"43":{"start":{"line":118,"column":4},"end":{"line":125,"column":null}},"44":{"start":{"line":118,"column":17},"end":{"line":118,"column":20}},"45":{"start":{"line":119,"column":8},"end":{"line":119,"column":null}},"46":{"start":{"line":120,"column":8},"end":{"line":120,"column":null}},"47":{"start":{"line":121,"column":8},"end":{"line":121,"column":null}},"48":{"start":{"line":124,"column":8},"end":{"line":124,"column":null}},"49":{"start":{"line":127,"column":4},"end":{"line":127,"column":null}},"50":{"start":{"line":135,"column":4},"end":{"line":135,"column":null}},"51":{"start":{"line":143,"column":22},"end":{"line":143,"column":null}},"52":{"start":{"line":144,"column":4},"end":{"line":144,"column":null}},"53":{"start":{"line":144,"column":20},"end":{"line":144,"column":null}},"54":{"start":{"line":146,"column":22},"end":{"line":146,"column":null}},"55":{"start":{"line":148,"column":4},"end":{"line":156,"column":null}},"56":{"start":{"line":148,"column":17},"end":{"line":148,"column":20}},"57":{"start":{"line":149,"column":8},"end":{"line":155,"column":null}},"58":{"start":{"line":149,"column":21},"end":{"line":149,"column":24}},"59":{"start":{"line":150,"column":23},"end":{"line":150,"column":null}},"60":{"start":{"line":151,"column":23},"end":{"line":151,"column":null}},"61":{"start":{"line":153,"column":24},"end":{"line":153,"column":null}},"62":{"start":{"line":154,"column":12},"end":{"line":154,"column":null}},"63":{"start":{"line":159,"column":4},"end":{"line":161,"column":null}},"64":{"start":{"line":160,"column":8},"end":{"line":160,"column":null}},"65":{"start":{"line":160,"column":25},"end":{"line":160,"column":null}},"66":{"start":{"line":163,"column":4},"end":{"line":163,"column":null}},"67":{"start":{"line":171,"column":15},"end":{"line":171,"column":null}},"68":{"start":{"line":172,"column":15},"end":{"line":172,"column":null}},"69":{"start":{"line":173,"column":15},"end":{"line":173,"column":null}},"70":{"start":{"line":174,"column":15},"end":{"line":174,"column":null}},"71":{"start":{"line":175,"column":15},"end":{"line":175,"column":null}},"72":{"start":{"line":176,"column":15},"end":{"line":176,"column":null}},"73":{"start":{"line":178,"column":17},"end":{"line":178,"column":null}},"74":{"start":{"line":179,"column":17},"end":{"line":179,"column":null}},"75":{"start":{"line":181,"column":4},"end":{"line":181,"column":null}},"76":{"start":{"line":185,"column":18},"end":{"line":185,"column":null}},"77":{"start":{"line":186,"column":4},"end":{"line":186,"column":null}}},"fnMap":{"0":{"name":"loadMeshFile","decl":{"start":{"line":32,"column":22},"end":{"line":32,"column":null}},"loc":{"start":{"line":35,"column":23},"end":{"line":88,"column":null}},"line":35},"1":{"name":"centerGeometryOnPlate","decl":{"start":{"line":93,"column":16},"end":{"line":93,"column":38}},"loc":{"start":{"line":93,"column":76},"end":{"line":103,"column":null}},"line":93},"2":{"name":"calculateVolume","decl":{"start":{"line":109,"column":16},"end":{"line":109,"column":32}},"loc":{"start":{"line":109,"column":72},"end":{"line":128,"column":null}},"line":109},"3":{"name":"signedVolumeOfTriangle","decl":{"start":{"line":130,"column":9},"end":{"line":130,"column":null}},"loc":{"start":{"line":134,"column":10},"end":{"line":136,"column":null}},"line":134},"4":{"name":"checkWatertight","decl":{"start":{"line":142,"column":16},"end":{"line":142,"column":32}},"loc":{"start":{"line":142,"column":73},"end":{"line":164,"column":null}},"line":142},"5":{"name":"makeEdgeKey","decl":{"start":{"line":166,"column":9},"end":{"line":166,"column":null}},"loc":{"start":{"line":170,"column":10},"end":{"line":182,"column":null}},"line":170},"6":{"name":"getFileExtension","decl":{"start":{"line":184,"column":9},"end":{"line":184,"column":26}},"loc":{"start":{"line":184,"column":52},"end":{"line":187,"column":null}},"line":184}},"branchMap":{"0":{"loc":{"start":{"line":34,"column":4},"end":{"line":34,"column":null}},"type":"default-arg","locations":[{"start":{"line":34,"column":34},"end":{"line":34,"column":null}}],"line":34},"1":{"loc":{"start":{"line":36,"column":12},"end":{"line":36,"column":22}},"type":"default-arg","locations":[{"start":{"line":36,"column":20},"end":{"line":36,"column":22}}],"line":36},"2":{"loc":{"start":{"line":43,"column":4},"end":{"line":67,"column":null}},"type":"switch","locations":[{"start":{"line":44,"column":8},"end":{"line":49,"column":null}},{"start":{"line":51,"column":8},"end":{"line":55,"column":null}},{"start":{"line":57,"column":8},"end":{"line":63,"column":null}},{"start":{"line":65,"column":8},"end":{"line":66,"column":null}}],"line":43},"3":{"loc":{"start":{"line":76,"column":8},"end":{"line":78,"column":null}},"type":"if","locations":[{"start":{"line":76,"column":8},"end":{"line":78,"column":null}},{"start":{},"end":{}}],"line":76},"4":{"loc":{"start":{"line":81,"column":8},"end":{"line":84,"column":null}},"type":"if","locations":[{"start":{"line":81,"column":8},"end":{"line":84,"column":null}},{"start":{},"end":{}}],"line":81},"5":{"loc":{"start":{"line":96,"column":4},"end":{"line":96,"column":null}},"type":"if","locations":[{"start":{"line":96,"column":4},"end":{"line":96,"column":null}},{"start":{},"end":{}}],"line":96},"6":{"loc":{"start":{"line":111,"column":4},"end":{"line":111,"column":null}},"type":"if","locations":[{"start":{"line":111,"column":4},"end":{"line":111,"column":null}},{"start":{},"end":{}}],"line":111},"7":{"loc":{"start":{"line":144,"column":4},"end":{"line":144,"column":null}},"type":"if","locations":[{"start":{"line":144,"column":4},"end":{"line":144,"column":null}},{"start":{},"end":{}}],"line":144},"8":{"loc":{"start":{"line":154,"column":32},"end":{"line":154,"column":59}},"type":"binary-expr","locations":[{"start":{"line":154,"column":32},"end":{"line":154,"column":54}},{"start":{"line":154,"column":54},"end":{"line":154,"column":59}}],"line":154},"9":{"loc":{"start":{"line":160,"column":8},"end":{"line":160,"column":null}},"type":"if","locations":[{"start":{"line":160,"column":8},"end":{"line":160,"column":null}},{"start":{},"end":{}}],"line":160},"10":{"loc":{"start":{"line":181,"column":11},"end":{"line":181,"column":null}},"type":"cond-expr","locations":[{"start":{"line":181,"column":25},"end":{"line":181,"column":32}},{"start":{"line":181,"column":32},"end":{"line":181,"column":null}}],"line":181},"11":{"loc":{"start":{"line":186,"column":11},"end":{"line":186,"column":null}},"type":"cond-expr","locations":[{"start":{"line":186,"column":30},"end":{"line":186,"column":59}},{"start":{"line":186,"column":59},"end":{"line":186,"column":null}}],"line":186}},"s":{"0":15,"1":15,"2":15,"3":15,"4":15,"5":12,"6":12,"7":12,"8":12,"9":0,"10":0,"11":0,"12":1,"13":1,"14":1,"15":1,"16":1,"17":2,"18":12,"19":12,"20":12,"21":12,"22":12,"23":12,"24":12,"25":12,"26":12,"27":12,"28":12,"29":12,"30":0,"31":0,"32":0,"33":0,"34":0,"35":0,"36":0,"37":0,"38":0,"39":0,"40":0,"41":0,"42":0,"43":0,"44":0,"45":0,"46":0,"47":0,"48":0,"49":0,"50":0,"51":0,"52":0,"53":0,"54":0,"55":0,"56":0,"57":0,"58":0,"59":0,"60":0,"61":0,"62":0,"63":0,"64":0,"65":0,"66":0,"67":0,"68":0,"69":0,"70":0,"71":0,"72":0,"73":0,"74":0,"75":0,"76":15,"77":15},"f":{"0":15,"1":0,"2":0,"3":0,"4":0,"5":0,"6":15},"b":{"0":[15],"1":[15],"2":[12,0,1,2],"3":[12,0],"4":[12,0],"5":[0,0],"6":[0,0],"7":[0,0],"8":[0,0],"9":[0,0],"10":[0,0],"11":[14,1]},"meta":{"lastBranch":12,"lastFunction":7,"lastStatement":78,"seen":{"f:32:22:32:Infinity":0,"b:34:34:34:Infinity":0,"s:36:26:36:Infinity":0,"b:36:20:36:22":1,"s:37:22:37:Infinity":1,"s:39:19:39:Infinity":2,"s:41:78:41:Infinity":3,"b:44:8:49:Infinity:51:8:55:Infinity:57:8:63:Infinity:65:8:66:Infinity":2,"s:43:4:67:Infinity":4,"s:45:27:45:Infinity":5,"s:46:29:46:Infinity":6,"s:47:12:47:Infinity":7,"s:48:12:48:Infinity":8,"s:52:27:52:Infinity":9,"s:53:12:53:Infinity":10,"s:54:12:54:Infinity":11,"s:58:25:58:Infinity":12,"s:59:27:59:Infinity":13,"s:60:29:60:Infinity":14,"s:61:12:61:Infinity":15,"s:62:12:62:Infinity":16,"s:66:12:66:Infinity":17,"s:70:19:70:Infinity":18,"s:71:24:71:Infinity":19,"s:72:22:72:Infinity":20,"s:74:4:85:Infinity":21,"s:75:8:75:Infinity":22,"b:76:8:78:Infinity:undefined:undefined:undefined:undefined":3,"s:76:8:78:Infinity":23,"s:77:12:77:Infinity":24,"s:80:26:80:Infinity":25,"b:81:8:84:Infinity:undefined:undefined:undefined:undefined":4,"s:81:8:84:Infinity":26,"s:82:12:82:Infinity":27,"s:83:12:83:Infinity":28,"s:87:4:87:Infinity":29,"f:93:16:93:38":1,"s:94:4:94:Infinity":30,"b:96:4:96:Infinity:undefined:undefined:undefined:undefined":5,"s:96:4:96:Infinity":31,"s:96:31:96:Infinity":32,"s:98:19:98:Infinity":33,"s:99:4:99:Infinity":34,"s:102:4:102:Infinity":35,"f:109:16:109:32":2,"s:110:22:110:Infinity":36,"b:111:4:111:Infinity:undefined:undefined:undefined:undefined":6,"s:111:4:111:Infinity":37,"s:111:20:111:Infinity":38,"s:113:17:113:Infinity":39,"s:114:15:114:Infinity":40,"s:115:15:115:Infinity":41,"s:116:15:116:Infinity":42,"s:118:4:125:Infinity":43,"s:118:17:118:20":44,"s:119:8:119:Infinity":45,"s:120:8:120:Infinity":46,"s:121:8:121:Infinity":47,"s:124:8:124:Infinity":48,"s:127:4:127:Infinity":49,"f:130:9:130:Infinity":3,"s:135:4:135:Infinity":50,"f:142:16:142:32":4,"s:143:22:143:Infinity":51,"b:144:4:144:Infinity:undefined:undefined:undefined:undefined":7,"s:144:4:144:Infinity":52,"s:144:20:144:Infinity":53,"s:146:22:146:Infinity":54,"s:148:4:156:Infinity":55,"s:148:17:148:20":56,"s:149:8:155:Infinity":57,"s:149:21:149:24":58,"s:150:23:150:Infinity":59,"s:151:23:151:Infinity":60,"s:153:24:153:Infinity":61,"s:154:12:154:Infinity":62,"b:154:32:154:54:154:54:154:59":8,"s:159:4:161:Infinity":63,"b:160:8:160:Infinity:undefined:undefined:undefined:undefined":9,"s:160:8:160:Infinity":64,"s:160:25:160:Infinity":65,"s:163:4:163:Infinity":66,"f:166:9:166:Infinity":5,"s:171:15:171:Infinity":67,"s:172:15:172:Infinity":68,"s:173:15:173:Infinity":69,"s:174:15:174:Infinity":70,"s:175:15:175:Infinity":71,"s:176:15:176:Infinity":72,"s:178:17:178:Infinity":73,"s:179:17:179:Infinity":74,"s:181:4:181:Infinity":75,"b:181:25:181:32:181:32:181:Infinity":10,"f:184:9:184:26":6,"s:185:18:185:Infinity":76,"s:186:4:186:Infinity":77,"b:186:30:186:59:186:59:186:Infinity":11}}}
,"/home/ghost/repos/mainsail/src/util/mesh/obj.ts": {"path":"/home/ghost/repos/mainsail/src/util/mesh/obj.ts","statementMap":{"0":{"start":{"line":19,"column":35},"end":{"line":19,"column":null}},"1":{"start":{"line":20,"column":34},"end":{"line":20,"column":null}},"2":{"start":{"line":21,"column":30},"end":{"line":21,"column":null}},"3":{"start":{"line":23,"column":41},"end":{"line":23,"column":null}},"4":{"start":{"line":24,"column":39},"end":{"line":24,"column":null}},"5":{"start":{"line":25,"column":35},"end":{"line":25,"column":null}},"6":{"start":{"line":27,"column":22},"end":{"line":27,"column":null}},"7":{"start":{"line":29,"column":8},"end":{"line":64,"column":null}},"8":{"start":{"line":30,"column":12},"end":{"line":30,"column":null}},"9":{"start":{"line":31,"column":12},"end":{"line":31,"column":null}},"10":{"start":{"line":31,"column":59},"end":{"line":31,"column":null}},"11":{"start":{"line":33,"column":26},"end":{"line":33,"column":null}},"12":{"start":{"line":34,"column":25},"end":{"line":34,"column":null}},"13":{"start":{"line":36,"column":12},"end":{"line":63,"column":null}},"14":{"start":{"line":38,"column":20},"end":{"line":42,"column":null}},"15":{"start":{"line":43,"column":20},"end":{"line":43,"column":null}},"16":{"start":{"line":46,"column":20},"end":{"line":50,"column":null}},"17":{"start":{"line":51,"column":20},"end":{"line":51,"column":null}},"18":{"start":{"line":54,"column":20},"end":{"line":57,"column":null}},"19":{"start":{"line":58,"column":20},"end":{"line":58,"column":null}},"20":{"start":{"line":61,"column":20},"end":{"line":61,"column":null}},"21":{"start":{"line":62,"column":20},"end":{"line":62,"column":null}},"22":{"start":{"line":66,"column":8},"end":{"line":70,"column":null}},"23":{"start":{"line":77,"column":23},"end":{"line":77,"column":null}},"24":{"start":{"line":78,"column":25},"end":{"line":78,"column":null}},"25":{"start":{"line":80,"column":8},"end":{"line":80,"column":null}},"26":{"start":{"line":82,"column":8},"end":{"line":86,"column":null}},"27":{"start":{"line":83,"column":12},"end":{"line":83,"column":null}},"28":{"start":{"line":85,"column":12},"end":{"line":85,"column":null}},"29":{"start":{"line":88,"column":8},"end":{"line":90,"column":null}},"30":{"start":{"line":89,"column":12},"end":{"line":89,"column":null}},"31":{"start":{"line":92,"column":8},"end":{"line":92,"column":null}},"32":{"start":{"line":105,"column":70},"end":{"line":105,"column":null}},"33":{"start":{"line":107,"column":8},"end":{"line":114,"column":null}},"34":{"start":{"line":108,"column":41},"end":{"line":108,"column":null}},"35":{"start":{"line":109,"column":12},"end":{"line":113,"column":null}},"36":{"start":{"line":117,"column":8},"end":{"line":141,"column":null}},"37":{"start":{"line":117,"column":21},"end":{"line":117,"column":24}},"38":{"start":{"line":118,"column":24},"end":{"line":118,"column":null}},"39":{"start":{"line":120,"column":12},"end":{"line":140,"column":null}},"40":{"start":{"line":122,"column":28},"end":{"line":122,"column":null}},"41":{"start":{"line":123,"column":16},"end":{"line":127,"column":null}},"42":{"start":{"line":124,"column":20},"end":{"line":124,"column":null}},"43":{"start":{"line":126,"column":20},"end":{"line":126,"column":null}},"44":{"start":{"line":130,"column":16},"end":{"line":133,"column":null}},"45":{"start":{"line":131,"column":33},"end":{"line":131,"column":null}},"46":{"start":{"line":132,"column":20},"end":{"line":132,"column":null}},"47":{"start":{"line":136,"column":16},"end":{"line":139,"column":null}},"48":{"start":{"line":137,"column":31},"end":{"line":137,"column":null}},"49":{"start":{"line":138,"column":20},"end":{"line":138,"column":null}}},"fnMap":{"0":{"name":"(anonymous_0)","decl":{"start":{"line":18,"column":4},"end":{"line":18,"column":10}},"loc":{"start":{"line":18,"column":40},"end":{"line":71,"column":null}},"line":18},"1":{"name":"(anonymous_1)","decl":{"start":{"line":76,"column":4},"end":{"line":76,"column":20}},"loc":{"start":{"line":76,"column":56},"end":{"line":93,"column":null}},"line":76},"2":{"name":"(anonymous_2)","decl":{"start":{"line":95,"column":12},"end":{"line":95,"column":null}},"loc":{"start":{"line":103,"column":12},"end":{"line":142,"column":null}},"line":103}},"branchMap":{"0":{"loc":{"start":{"line":31,"column":12},"end":{"line":31,"column":null}},"type":"if","locations":[{"start":{"line":31,"column":12},"end":{"line":31,"column":null}},{"start":{},"end":{}}],"line":31},"1":{"loc":{"start":{"line":31,"column":16},"end":{"line":31,"column":59}},"type":"binary-expr","locations":[{"start":{"line":31,"column":16},"end":{"line":31,"column":37}},{"start":{"line":31,"column":37},"end":{"line":31,"column":59}}],"line":31},"2":{"loc":{"start":{"line":36,"column":12},"end":{"line":63,"column":null}},"type":"switch","locations":[{"start":{"line":37,"column":16},"end":{"line":43,"column":null}},{"start":{"line":45,"column":16},"end":{"line":51,"column":null}},{"start":{"line":53,"column":16},"end":{"line":58,"column":null}},{"start":{"line":60,"column":16},"end":{"line":62,"column":null}}],"line":36},"3":{"loc":{"start":{"line":39,"column":24},"end":{"line":39,"column":null}},"type":"binary-expr","locations":[{"start":{"line":39,"column":24},"end":{"line":39,"column":48}},{"start":{"line":39,"column":48},"end":{"line":39,"column":null}}],"line":39},"4":{"loc":{"start":{"line":40,"column":24},"end":{"line":40,"column":null}},"type":"binary-expr","locations":[{"start":{"line":40,"column":24},"end":{"line":40,"column":48}},{"start":{"line":40,"column":48},"end":{"line":40,"column":null}}],"line":40},"5":{"loc":{"start":{"line":41,"column":24},"end":{"line":41,"column":null}},"type":"binary-expr","locations":[{"start":{"line":41,"column":24},"end":{"line":41,"column":48}},{"start":{"line":41,"column":48},"end":{"line":41,"column":null}}],"line":41},"6":{"loc":{"start":{"line":47,"column":24},"end":{"line":47,"column":null}},"type":"binary-expr","locations":[{"start":{"line":47,"column":24},"end":{"line":47,"column":48}},{"start":{"line":47,"column":48},"end":{"line":47,"column":null}}],"line":47},"7":{"loc":{"start":{"line":48,"column":24},"end":{"line":48,"column":null}},"type":"binary-expr","locations":[{"start":{"line":48,"column":24},"end":{"line":48,"column":48}},{"start":{"line":48,"column":48},"end":{"line":48,"column":null}}],"line":48},"8":{"loc":{"start":{"line":49,"column":24},"end":{"line":49,"column":null}},"type":"binary-expr","locations":[{"start":{"line":49,"column":24},"end":{"line":49,"column":48}},{"start":{"line":49,"column":48},"end":{"line":49,"column":null}}],"line":49},"9":{"loc":{"start":{"line":55,"column":24},"end":{"line":55,"column":null}},"type":"binary-expr","locations":[{"start":{"line":55,"column":24},"end":{"line":55,"column":48}},{"start":{"line":55,"column":48},"end":{"line":55,"column":null}}],"line":55},"10":{"loc":{"start":{"line":56,"column":24},"end":{"line":56,"column":null}},"type":"binary-expr","locations":[{"start":{"line":56,"column":24},"end":{"line":56,"column":48}},{"start":{"line":56,"column":48},"end":{"line":56,"column":null}}],"line":56},"11":{"loc":{"start":{"line":68,"column":21},"end":{"line":68,"column":null}},"type":"cond-expr","locations":[{"start":{"line":68,"column":42},"end":{"line":68,"column":70}},{"start":{"line":68,"column":70},"end":{"line":68,"column":null}}],"line":68},"12":{"loc":{"start":{"line":69,"column":17},"end":{"line":69,"column":null}},"type":"cond-expr","locations":[{"start":{"line":69,"column":34},"end":{"line":69,"column":58}},{"start":{"line":69,"column":58},"end":{"line":69,"column":null}}],"line":69},"13":{"loc":{"start":{"line":82,"column":8},"end":{"line":86,"column":null}},"type":"if","locations":[{"start":{"line":82,"column":8},"end":{"line":86,"column":null}},{"start":{"line":84,"column":15},"end":{"line":86,"column":null}}],"line":82},"14":{"loc":{"start":{"line":88,"column":8},"end":{"line":90,"column":null}},"type":"if","locations":[{"start":{"line":88,"column":8},"end":{"line":90,"column":null}},{"start":{},"end":{}}],"line":88},"15":{"loc":{"start":{"line":110,"column":19},"end":{"line":110,"column":null}},"type":"binary-expr","locations":[{"start":{"line":110,"column":19},"end":{"line":110,"column":41}},{"start":{"line":110,"column":41},"end":{"line":110,"column":null}}],"line":110},"16":{"loc":{"start":{"line":111,"column":20},"end":{"line":111,"column":null}},"type":"cond-expr","locations":[{"start":{"line":111,"column":28},"end":{"line":111,"column":50}},{"start":{"line":111,"column":50},"end":{"line":111,"column":null}}],"line":111},"17":{"loc":{"start":{"line":112,"column":20},"end":{"line":112,"column":null}},"type":"cond-expr","locations":[{"start":{"line":112,"column":28},"end":{"line":112,"column":50}},{"start":{"line":112,"column":50},"end":{"line":112,"column":null}}],"line":112},"18":{"loc":{"start":{"line":123,"column":16},"end":{"line":127,"column":null}},"type":"if","locations":[{"start":{"line":123,"column":16},"end":{"line":127,"column":null}},{"start":{"line":125,"column":23},"end":{"line":127,"column":null}}],"line":123},"19":{"loc":{"start":{"line":130,"column":16},"end":{"line":133,"column":null}},"type":"if","locations":[{"start":{"line":130,"column":16},"end":{"line":133,"column":null}},{"start":{},"end":{}}],"line":130},"20":{"loc":{"start":{"line":130,"column":20},"end":{"line":130,"column":52}},"type":"binary-expr","locations":[{"start":{"line":130,"column":20},"end":{"line":130,"column":35}},{"start":{"line":130,"column":35},"end":{"line":130,"column":52}}],"line":130},"21":{"loc":{"start":{"line":136,"column":16},"end":{"line":139,"column":null}},"type":"if","locations":[{"start":{"line":136,"column":16},"end":{"line":139,"column":null}},{"start":{},"end":{}}],"line":136},"22":{"loc":{"start":{"line":136,"column":20},"end":{"line":136,"column":48}},"type":"binary-expr","locations":[{"start":{"line":136,"column":20},"end":{"line":136,"column":35}},{"start":{"line":136,"column":35},"end":{"line":136,"column":48}}],"line":136}},"s":{"0":20,"1":20,"2":20,"3":20,"4":20,"5":20,"6":20,"7":20,"8":235,"9":235,"10":50,"11":185,"12":185,"13":185,"14":84,"15":84,"16":26,"17":26,"18":6,"19":6,"20":64,"21":64,"22":20,"23":4,"24":4,"25":4,"26":4,"27":3,"28":1,"29":4,"30":0,"31":4,"32":64,"33":64,"34":193,"35":193,"36":64,"37":64,"38":65,"39":65,"40":195,"41":195,"42":191,"43":4,"44":195,"45":150,"46":150,"47":195,"48":6,"49":6},"f":{"0":20,"1":4,"2":64},"b":{"0":[50,185],"1":[235,192],"2":[185,26,6,64],"3":[84,45],"4":[84,48],"5":[84,64],"6":[26,18],"7":[26,18],"8":[26,16],"9":[6,2],"10":[6,4],"11":[6,14],"12":[2,18],"13":[3,1],"14":[0,4],"15":[193,38],"16":[6,187],"17":[150,43],"18":[191,4],"19":[150,45],"20":[195,150],"21":[6,189],"22":[195,6]},"meta":{"lastBranch":23,"lastFunction":3,"lastStatement":50,"seen":{"f:18:4:18:10":0,"s:19:35:19:Infinity":0,"s:20:34:20:Infinity":1,"s:21:30:21:Infinity":2,"s:23:41:23:Infinity":3,"s:24:39:24:Infinity":4,"s:25:35:25:Infinity":5,"s:27:22:27:Infinity":6,"s:29:8:64:Infinity":7,"s:30:12:30:Infinity":8,"b:31:12:31:Infinity:undefined:undefined:undefined:undefined":0,"s:31:12:31:Infinity":9,"b:31:16:31:37:31:37:31:59":1,"s:31:59:31:Infinity":10,"s:33:26:33:Infinity":11,"s:34:25:34:Infinity":12,"b:37:16:43:Infinity:45:16:51:Infinity:53:16:58:Infinity:60:16:62:Infinity":2,"s:36:12:63:Infinity":13,"s:38:20:42:Infinity":14,"b:39:24:39:48:39:48:39:Infinity":3,"b:40:24:40:48:40:48:40:Infinity":4,"b:41:24:41:48:41:48:41:Infinity":5,"s:43:20:43:Infinity":15,"s:46:20:50:Infinity":16,"b:47:24:47:48:47:48:47:Infinity":6,"b:48:24:48:48:48:48:48:Infinity":7,"b:49:24:49:48:49:48:49:Infinity":8,"s:51:20:51:Infinity":17,"s:54:20:57:Infinity":18,"b:55:24:55:48:55:48:55:Infinity":9,"b:56:24:56:48:56:48:56:Infinity":10,"s:58:20:58:Infinity":19,"s:61:20:61:Infinity":20,"s:62:20:62:Infinity":21,"s:66:8:70:Infinity":22,"b:68:42:68:70:68:70:68:Infinity":11,"b:69:34:69:58:69:58:69:Infinity":12,"f:76:4:76:20":1,"s:77:23:77:Infinity":23,"s:78:25:78:Infinity":24,"s:80:8:80:Infinity":25,"b:82:8:86:Infinity:84:15:86:Infinity":13,"s:82:8:86:Infinity":26,"s:83:12:83:Infinity":27,"s:85:12:85:Infinity":28,"b:88:8:90:Infinity:undefined:undefined:undefined:undefined":14,"s:88:8:90:Infinity":29,"s:89:12:89:Infinity":30,"s:92:8:92:Infinity":31,"f:95:12:95:Infinity":2,"s:105:70:105:Infinity":32,"s:107:8:114:Infinity":33,"s:108:41:108:Infinity":34,"s:109:12:113:Infinity":35,"b:110:19:110:41:110:41:110:Infinity":15,"b:111:28:111:50:111:50:111:Infinity":16,"b:112:28:112:50:112:50:112:Infinity":17,"s:117:8:141:Infinity":36,"s:117:21:117:24":37,"s:118:24:118:Infinity":38,"s:120:12:140:Infinity":39,"s:122:28:122:Infinity":40,"b:123:16:127:Infinity:125:23:127:Infinity":18,"s:123:16:127:Infinity":41,"s:124:20:124:Infinity":42,"s:126:20:126:Infinity":43,"b:130:16:133:Infinity:undefined:undefined:undefined:undefined":19,"s:130:16:133:Infinity":44,"b:130:20:130:35:130:35:130:52":20,"s:131:33:131:Infinity":45,"s:132:20:132:Infinity":46,"b:136:16:139:Infinity:undefined:undefined:undefined:undefined":21,"s:136:16:139:Infinity":47,"b:136:20:136:35:136:35:136:48":22,"s:137:31:137:Infinity":48,"s:138:20:138:Infinity":49}}}
,"/home/ghost/repos/mainsail/src/util/mesh/packer.ts": {"path":"/home/ghost/repos/mainsail/src/util/mesh/packer.ts","statementMap":{"0":{"start":{"line":34,"column":8},"end":{"line":34,"column":null}},"1":{"start":{"line":35,"column":8},"end":{"line":35,"column":null}},"2":{"start":{"line":36,"column":8},"end":{"line":36,"column":null}},"3":{"start":{"line":37,"column":8},"end":{"line":37,"column":null}},"4":{"start":{"line":38,"column":8},"end":{"line":38,"column":null}},"5":{"start":{"line":48,"column":8},"end":{"line":48,"column":null}},"6":{"start":{"line":48,"column":30},"end":{"line":48,"column":39}},"7":{"start":{"line":49,"column":8},"end":{"line":49,"column":null}},"8":{"start":{"line":53,"column":24},"end":{"line":53,"column":null}},"9":{"start":{"line":55,"column":8},"end":{"line":66,"column":null}},"10":{"start":{"line":56,"column":25},"end":{"line":56,"column":null}},"11":{"start":{"line":57,"column":12},"end":{"line":65,"column":null}},"12":{"start":{"line":58,"column":16},"end":{"line":58,"column":null}},"13":{"start":{"line":60,"column":16},"end":{"line":60,"column":null}},"14":{"start":{"line":61,"column":16},"end":{"line":61,"column":null}},"15":{"start":{"line":64,"column":16},"end":{"line":64,"column":null}},"16":{"start":{"line":68,"column":8},"end":{"line":68,"column":null}},"17":{"start":{"line":69,"column":8},"end":{"line":69,"column":null}},"18":{"start":{"line":73,"column":8},"end":{"line":75,"column":null}},"19":{"start":{"line":74,"column":12},"end":{"line":74,"column":null}},"20":{"start":{"line":76,"column":8},"end":{"line":78,"column":null}},"21":{"start":{"line":77,"column":12},"end":{"line":77,"column":null}},"22":{"start":{"line":79,"column":8},"end":{"line":79,"column":null}},"23":{"start":{"line":83,"column":8},"end":{"line":83,"column":null}},"24":{"start":{"line":84,"column":8},"end":{"line":89,"column":null}},"25":{"start":{"line":90,"column":8},"end":{"line":95,"column":null}},"26":{"start":{"line":96,"column":8},"end":{"line":96,"column":null}},"27":{"start":{"line":97,"column":8},"end":{"line":97,"column":null}},"28":{"start":{"line":98,"column":8},"end":{"line":98,"column":null}},"29":{"start":{"line":107,"column":12},"end":{"line":107,"column":null}},"30":{"start":{"line":108,"column":12},"end":{"line":108,"column":null}},"31":{"start":{"line":111,"column":17},"end":{"line":111,"column":null}},"32":{"start":{"line":112,"column":4},"end":{"line":112,"column":null}},"33":{"start":{"line":114,"column":19},"end":{"line":114,"column":null}},"34":{"start":{"line":115,"column":4},"end":{"line":121,"column":null}},"35":{"start":{"line":116,"column":8},"end":{"line":116,"column":null}},"36":{"start":{"line":117,"column":8},"end":{"line":117,"column":null}},"37":{"start":{"line":118,"column":8},"end":{"line":118,"column":null}},"38":{"start":{"line":119,"column":8},"end":{"line":119,"column":null}},"39":{"start":{"line":120,"column":8},"end":{"line":120,"column":null}},"40":{"start":{"line":123,"column":4},"end":{"line":123,"column":null}},"41":{"start":{"line":136,"column":4},"end":{"line":138,"column":null}},"42":{"start":{"line":137,"column":8},"end":{"line":137,"column":null}},"43":{"start":{"line":140,"column":18},"end":{"line":140,"column":null}},"44":{"start":{"line":141,"column":18},"end":{"line":141,"column":null}},"45":{"start":{"line":144,"column":4},"end":{"line":165,"column":null}},"46":{"start":{"line":144,"column":19},"end":{"line":144,"column":23}},"47":{"start":{"line":145,"column":8},"end":{"line":164,"column":null}},"48":{"start":{"line":145,"column":23},"end":{"line":145,"column":26}},"49":{"start":{"line":146,"column":28},"end":{"line":146,"column":null}},"50":{"start":{"line":147,"column":23},"end":{"line":147,"column":null}},"51":{"start":{"line":148,"column":23},"end":{"line":148,"column":null}},"52":{"start":{"line":151,"column":27},"end":{"line":151,"column":null}},"53":{"start":{"line":152,"column":12},"end":{"line":159,"column":null}},"54":{"start":{"line":153,"column":33},"end":{"line":153,"column":null}},"55":{"start":{"line":154,"column":33},"end":{"line":154,"column":null}},"56":{"start":{"line":155,"column":16},"end":{"line":158,"column":null}},"57":{"start":{"line":156,"column":20},"end":{"line":156,"column":null}},"58":{"start":{"line":157,"column":20},"end":{"line":157,"column":null}},"59":{"start":{"line":161,"column":12},"end":{"line":163,"column":null}},"60":{"start":{"line":162,"column":16},"end":{"line":162,"column":null}},"61":{"start":{"line":168,"column":4},"end":{"line":168,"column":null}}},"fnMap":{"0":{"name":"(anonymous_0)","decl":{"start":{"line":33,"column":4},"end":{"line":33,"column":16}},"loc":{"start":{"line":33,"column":55},"end":{"line":39,"column":null}},"line":33},"1":{"name":"(anonymous_1)","decl":{"start":{"line":46,"column":4},"end":{"line":46,"column":8}},"loc":{"start":{"line":46,"column":37},"end":{"line":50,"column":null}},"line":46},"2":{"name":"(anonymous_2)","decl":{"start":{"line":48,"column":20},"end":{"line":48,"column":21}},"loc":{"start":{"line":48,"column":30},"end":{"line":48,"column":39}},"line":48},"3":{"name":"(anonymous_3)","decl":{"start":{"line":52,"column":12},"end":{"line":52,"column":21}},"loc":{"start":{"line":52,"column":50},"end":{"line":70,"column":null}},"line":52},"4":{"name":"(anonymous_4)","decl":{"start":{"line":72,"column":12},"end":{"line":72,"column":21}},"loc":{"start":{"line":72,"column":76},"end":{"line":80,"column":null}},"line":72},"5":{"name":"(anonymous_5)","decl":{"start":{"line":82,"column":12},"end":{"line":82,"column":22}},"loc":{"start":{"line":82,"column":70},"end":{"line":99,"column":null}},"line":82},"6":{"name":"packBlocks","decl":{"start":{"line":106,"column":16},"end":{"line":106,"column":27}},"loc":{"start":{"line":106,"column":106},"end":{"line":124,"column":null}},"line":106},"7":{"name":"findNonCollidingPosition","decl":{"start":{"line":130,"column":16},"end":{"line":130,"column":null}},"loc":{"start":{"line":135,"column":28},"end":{"line":169,"column":null}},"line":135}},"branchMap":{"0":{"loc":{"start":{"line":57,"column":12},"end":{"line":65,"column":null}},"type":"if","locations":[{"start":{"line":57,"column":12},"end":{"line":65,"column":null}},{"start":{"line":62,"column":19},"end":{"line":65,"column":null}}],"line":57},"1":{"loc":{"start":{"line":73,"column":8},"end":{"line":75,"column":null}},"type":"if","locations":[{"start":{"line":73,"column":8},"end":{"line":75,"column":null}},{"start":{},"end":{}}],"line":73},"2":{"loc":{"start":{"line":74,"column":19},"end":{"line":74,"column":null}},"type":"binary-expr","locations":[{"start":{"line":74,"column":19},"end":{"line":74,"column":55}},{"start":{"line":74,"column":55},"end":{"line":74,"column":null}}],"line":74},"3":{"loc":{"start":{"line":76,"column":8},"end":{"line":78,"column":null}},"type":"if","locations":[{"start":{"line":76,"column":8},"end":{"line":78,"column":null}},{"start":{},"end":{}}],"line":76},"4":{"loc":{"start":{"line":76,"column":12},"end":{"line":76,"column":40}},"type":"binary-expr","locations":[{"start":{"line":76,"column":12},"end":{"line":76,"column":27}},{"start":{"line":76,"column":27},"end":{"line":76,"column":40}}],"line":76},"5":{"loc":{"start":{"line":115,"column":11},"end":{"line":115,"column":44}},"type":"binary-expr","locations":[{"start":{"line":115,"column":11},"end":{"line":115,"column":29}},{"start":{"line":115,"column":29},"end":{"line":115,"column":44}}],"line":115},"6":{"loc":{"start":{"line":134,"column":4},"end":{"line":134,"column":null}},"type":"default-arg","locations":[{"start":{"line":134,"column":18},"end":{"line":134,"column":null}}],"line":134},"7":{"loc":{"start":{"line":136,"column":4},"end":{"line":138,"column":null}},"type":"if","locations":[{"start":{"line":136,"column":4},"end":{"line":138,"column":null}},{"start":{},"end":{}}],"line":136},"8":{"loc":{"start":{"line":155,"column":16},"end":{"line":158,"column":null}},"type":"if","locations":[{"start":{"line":155,"column":16},"end":{"line":158,"column":null}},{"start":{},"end":{}}],"line":155},"9":{"loc":{"start":{"line":155,"column":20},"end":{"line":155,"column":42}},"type":"binary-expr","locations":[{"start":{"line":155,"column":20},"end":{"line":155,"column":32}},{"start":{"line":155,"column":32},"end":{"line":155,"column":42}}],"line":155},"10":{"loc":{"start":{"line":161,"column":12},"end":{"line":163,"column":null}},"type":"if","locations":[{"start":{"line":161,"column":12},"end":{"line":163,"column":null}},{"start":{},"end":{}}],"line":161}},"s":{"0":0,"1":0,"2":0,"3":0,"4":0,"5":0,"6":0,"7":0,"8":0,"9":0,"10":0,"11":0,"12":0,"13":0,"14":0,"15":0,"16":0,"17":0,"18":0,"19":0,"20":0,"21":0,"22":0,"23":0,"24":0,"25":0,"26":0,"27":0,"28":0,"29":0,"30":0,"31":0,"32":0,"33":0,"34":0,"35":0,"36":0,"37":0,"38":0,"39":0,"40":0,"41":122,"42":0,"43":122,"44":122,"45":122,"46":122,"47":122,"48":122,"49":122,"50":122,"51":122,"52":122,"53":122,"54":5011,"55":5011,"56":5011,"57":0,"58":0,"59":122,"60":122,"61":0},"f":{"0":0,"1":0,"2":0,"3":0,"4":0,"5":0,"6":0,"7":122},"b":{"0":[0,0],"1":[0,0],"2":[0,0],"3":[0,0],"4":[0,0],"5":[0,0],"6":[122],"7":[0,122],"8":[0,5011],"9":[5011,0],"10":[122,0]},"meta":{"lastBranch":11,"lastFunction":8,"lastStatement":62,"seen":{"f:33:4:33:16":0,"s:34:8:34:Infinity":0,"s:35:8:35:Infinity":1,"s:36:8:36:Infinity":2,"s:37:8:37:Infinity":3,"s:38:8:38:Infinity":4,"f:46:4:46:8":1,"s:48:8:48:Infinity":5,"f:48:20:48:21":2,"s:48:30:48:39":6,"s:49:8:49:Infinity":7,"f:52:12:52:21":3,"s:53:24:53:Infinity":8,"s:55:8:66:Infinity":9,"s:56:25:56:Infinity":10,"b:57:12:65:Infinity:62:19:65:Infinity":0,"s:57:12:65:Infinity":11,"s:58:16:58:Infinity":12,"s:60:16:60:Infinity":13,"s:61:16:61:Infinity":14,"s:64:16:64:Infinity":15,"s:68:8:68:Infinity":16,"s:69:8:69:Infinity":17,"f:72:12:72:21":4,"b:73:8:75:Infinity:undefined:undefined:undefined:undefined":1,"s:73:8:75:Infinity":18,"s:74:12:74:Infinity":19,"b:74:19:74:55:74:55:74:Infinity":2,"b:76:8:78:Infinity:undefined:undefined:undefined:undefined":3,"s:76:8:78:Infinity":20,"b:76:12:76:27:76:27:76:40":4,"s:77:12:77:Infinity":21,"s:79:8:79:Infinity":22,"f:82:12:82:22":5,"s:83:8:83:Infinity":23,"s:84:8:89:Infinity":24,"s:90:8:95:Infinity":25,"s:96:8:96:Infinity":26,"s:97:8:97:Infinity":27,"s:98:8:98:Infinity":28,"f:106:16:106:27":6,"s:107:12:107:Infinity":29,"s:108:12:108:Infinity":30,"s:111:17:111:Infinity":31,"s:112:4:112:Infinity":32,"s:114:19:114:Infinity":33,"s:115:4:121:Infinity":34,"b:115:11:115:29:115:29:115:44":5,"s:116:8:116:Infinity":35,"s:117:8:117:Infinity":36,"s:118:8:118:Infinity":37,"s:119:8:119:Infinity":38,"s:120:8:120:Infinity":39,"s:123:4:123:Infinity":40,"f:130:16:130:Infinity":7,"b:134:18:134:Infinity":6,"b:136:4:138:Infinity:undefined:undefined:undefined:undefined":7,"s:136:4:138:Infinity":41,"s:137:8:137:Infinity":42,"s:140:18:140:Infinity":43,"s:141:18:141:Infinity":44,"s:144:4:165:Infinity":45,"s:144:19:144:23":46,"s:145:8:164:Infinity":47,"s:145:23:145:26":48,"s:146:28:146:Infinity":49,"s:147:23:147:Infinity":50,"s:148:23:148:Infinity":51,"s:151:27:151:Infinity":52,"s:152:12:159:Infinity":53,"s:153:33:153:Infinity":54,"s:154:33:154:Infinity":55,"b:155:16:158:Infinity:undefined:undefined:undefined:undefined":8,"s:155:16:158:Infinity":56,"b:155:20:155:32:155:32:155:42":9,"s:156:20:156:Infinity":57,"s:157:20:157:Infinity":58,"b:161:12:163:Infinity:undefined:undefined:undefined:undefined":10,"s:161:12:163:Infinity":59,"s:162:16:162:Infinity":60,"s:168:4:168:Infinity":61}}}
,"/home/ghost/repos/mainsail/src/util/mesh/platform.ts": {"path":"/home/ghost/repos/mainsail/src/util/mesh/platform.ts","statementMap":{"0":{"start":{"line":21,"column":4},"end":{"line":21,"column":null}},"1":{"start":{"line":22,"column":4},"end":{"line":22,"column":null}},"2":{"start":{"line":25,"column":4},"end":{"line":25,"column":null}},"3":{"start":{"line":28,"column":8},"end":{"line":28,"column":null}},"4":{"start":{"line":29,"column":8},"end":{"line":29,"column":null}},"5":{"start":{"line":35,"column":8},"end":{"line":35,"column":null}},"6":{"start":{"line":36,"column":8},"end":{"line":36,"column":null}},"7":{"start":{"line":38,"column":8},"end":{"line":43,"column":null}},"8":{"start":{"line":39,"column":12},"end":{"line":39,"column":null}},"9":{"start":{"line":40,"column":8},"end":{"line":43,"column":null}},"10":{"start":{"line":42,"column":12},"end":{"line":42,"column":null}},"11":{"start":{"line":45,"column":8},"end":{"line":45,"column":null}},"12":{"start":{"line":49,"column":20},"end":{"line":49,"column":null}},"13":{"start":{"line":50,"column":8},"end":{"line":52,"column":null}},"14":{"start":{"line":51,"column":12},"end":{"line":51,"column":null}},"15":{"start":{"line":53,"column":8},"end":{"line":53,"column":null}},"16":{"start":{"line":54,"column":8},"end":{"line":54,"column":null}},"17":{"start":{"line":55,"column":8},"end":{"line":55,"column":null}},"18":{"start":{"line":59,"column":25},"end":{"line":59,"column":null}},"19":{"start":{"line":60,"column":8},"end":{"line":62,"column":null}},"20":{"start":{"line":61,"column":12},"end":{"line":61,"column":null}},"21":{"start":{"line":66,"column":20},"end":{"line":66,"column":null}},"22":{"start":{"line":67,"column":8},"end":{"line":69,"column":null}},"23":{"start":{"line":68,"column":12},"end":{"line":68,"column":null}},"24":{"start":{"line":75,"column":8},"end":{"line":81,"column":null}},"25":{"start":{"line":77,"column":12},"end":{"line":79,"column":null}},"26":{"start":{"line":78,"column":16},"end":{"line":78,"column":null}},"27":{"start":{"line":80,"column":12},"end":{"line":80,"column":null}},"28":{"start":{"line":83,"column":8},"end":{"line":89,"column":null}},"29":{"start":{"line":84,"column":12},"end":{"line":84,"column":null}},"30":{"start":{"line":85,"column":12},"end":{"line":85,"column":null}},"31":{"start":{"line":86,"column":8},"end":{"line":89,"column":null}},"32":{"start":{"line":88,"column":12},"end":{"line":88,"column":null}},"33":{"start":{"line":93,"column":8},"end":{"line":105,"column":null}},"34":{"start":{"line":94,"column":24},"end":{"line":94,"column":null}},"35":{"start":{"line":95,"column":12},"end":{"line":98,"column":null}},"36":{"start":{"line":96,"column":16},"end":{"line":96,"column":null}},"37":{"start":{"line":97,"column":16},"end":{"line":97,"column":null}},"38":{"start":{"line":101,"column":12},"end":{"line":103,"column":null}},"39":{"start":{"line":102,"column":16},"end":{"line":102,"column":null}},"40":{"start":{"line":104,"column":12},"end":{"line":104,"column":null}},"41":{"start":{"line":109,"column":8},"end":{"line":109,"column":null}},"42":{"start":{"line":110,"column":8},"end":{"line":113,"column":null}},"43":{"start":{"line":111,"column":12},"end":{"line":111,"column":null}},"44":{"start":{"line":112,"column":12},"end":{"line":112,"column":null}},"45":{"start":{"line":117,"column":8},"end":{"line":117,"column":null}},"46":{"start":{"line":121,"column":8},"end":{"line":121,"column":null}},"47":{"start":{"line":125,"column":8},"end":{"line":125,"column":null}},"48":{"start":{"line":131,"column":8},"end":{"line":133,"column":null}},"49":{"start":{"line":132,"column":12},"end":{"line":132,"column":null}},"50":{"start":{"line":134,"column":8},"end":{"line":134,"column":null}},"51":{"start":{"line":135,"column":8},"end":{"line":137,"column":null}},"52":{"start":{"line":136,"column":12},"end":{"line":136,"column":null}},"53":{"start":{"line":143,"column":8},"end":{"line":145,"column":null}},"54":{"start":{"line":144,"column":12},"end":{"line":144,"column":null}},"55":{"start":{"line":149,"column":8},"end":{"line":152,"column":null}},"56":{"start":{"line":150,"column":12},"end":{"line":150,"column":null}},"57":{"start":{"line":151,"column":12},"end":{"line":151,"column":null}},"58":{"start":{"line":156,"column":8},"end":{"line":158,"column":null}},"59":{"start":{"line":157,"column":12},"end":{"line":157,"column":null}},"60":{"start":{"line":162,"column":8},"end":{"line":164,"column":null}},"61":{"start":{"line":163,"column":12},"end":{"line":163,"column":null}},"62":{"start":{"line":168,"column":8},"end":{"line":168,"column":null}},"63":{"start":{"line":168,"column":40},"end":{"line":168,"column":null}},"64":{"start":{"line":170,"column":23},"end":{"line":170,"column":null}},"65":{"start":{"line":171,"column":23},"end":{"line":171,"column":null}},"66":{"start":{"line":172,"column":8},"end":{"line":172,"column":null}},"67":{"start":{"line":174,"column":24},"end":{"line":174,"column":null}},"68":{"start":{"line":175,"column":24},"end":{"line":175,"column":null}},"69":{"start":{"line":177,"column":19},"end":{"line":177,"column":null}},"70":{"start":{"line":178,"column":19},"end":{"line":178,"column":null}},"71":{"start":{"line":180,"column":8},"end":{"line":182,"column":null}},"72":{"start":{"line":181,"column":12},"end":{"line":181,"column":null}},"73":{"start":{"line":186,"column":44},"end":{"line":186,"column":null}},"74":{"start":{"line":187,"column":8},"end":{"line":191,"column":null}},"75":{"start":{"line":188,"column":25},"end":{"line":188,"column":null}},"76":{"start":{"line":189,"column":12},"end":{"line":189,"column":null}},"77":{"start":{"line":190,"column":12},"end":{"line":190,"column":null}},"78":{"start":{"line":194,"column":8},"end":{"line":194,"column":null}},"79":{"start":{"line":195,"column":8},"end":{"line":197,"column":null}},"80":{"start":{"line":196,"column":12},"end":{"line":196,"column":null}},"81":{"start":{"line":199,"column":8},"end":{"line":199,"column":null}},"82":{"start":{"line":205,"column":8},"end":{"line":205,"column":null}},"83":{"start":{"line":205,"column":40},"end":{"line":205,"column":null}},"84":{"start":{"line":206,"column":8},"end":{"line":206,"column":null}},"85":{"start":{"line":210,"column":23},"end":{"line":210,"column":null}},"86":{"start":{"line":211,"column":8},"end":{"line":211,"column":null}},"87":{"start":{"line":211,"column":21},"end":{"line":211,"column":null}},"88":{"start":{"line":213,"column":27},"end":{"line":213,"column":null}},"89":{"start":{"line":214,"column":8},"end":{"line":214,"column":null}},"90":{"start":{"line":215,"column":23},"end":{"line":215,"column":null}},"91":{"start":{"line":216,"column":8},"end":{"line":216,"column":null}},"92":{"start":{"line":218,"column":8},"end":{"line":218,"column":null}},"93":{"start":{"line":228,"column":31},"end":{"line":242,"column":null}},"94":{"start":{"line":229,"column":25},"end":{"line":229,"column":37}},"95":{"start":{"line":231,"column":27},"end":{"line":231,"column":null}},"96":{"start":{"line":232,"column":31},"end":{"line":232,"column":null}},"97":{"start":{"line":233,"column":16},"end":{"line":233,"column":null}},"98":{"start":{"line":234,"column":29},"end":{"line":234,"column":null}},"99":{"start":{"line":235,"column":16},"end":{"line":235,"column":null}},"100":{"start":{"line":236,"column":16},"end":{"line":241,"column":null}},"101":{"start":{"line":244,"column":19},"end":{"line":244,"column":null}},"102":{"start":{"line":245,"column":22},"end":{"line":245,"column":null}},"103":{"start":{"line":246,"column":8},"end":{"line":246,"column":null}},"104":{"start":{"line":248,"column":14},"end":{"line":253,"column":null}},"105":{"start":{"line":255,"column":8},"end":{"line":255,"column":null}},"106":{"start":{"line":263,"column":8},"end":{"line":263,"column":null}},"107":{"start":{"line":263,"column":39},"end":{"line":263,"column":null}},"108":{"start":{"line":265,"column":20},"end":{"line":265,"column":null}},"109":{"start":{"line":268,"column":66},"end":{"line":277,"column":null}},"110":{"start":{"line":269,"column":23},"end":{"line":269,"column":null}},"111":{"start":{"line":270,"column":25},"end":{"line":270,"column":null}},"112":{"start":{"line":271,"column":12},"end":{"line":271,"column":null}},"113":{"start":{"line":272,"column":12},"end":{"line":276,"column":null}},"114":{"start":{"line":280,"column":14},"end":{"line":285,"column":null}},"115":{"start":{"line":287,"column":8},"end":{"line":300,"column":null}},"116":{"start":{"line":289,"column":18},"end":{"line":289,"column":null}},"117":{"start":{"line":290,"column":18},"end":{"line":290,"column":null}},"118":{"start":{"line":292,"column":12},"end":{"line":299,"column":null}},"119":{"start":{"line":293,"column":16},"end":{"line":298,"column":null}},"120":{"start":{"line":294,"column":30},"end":{"line":294,"column":null}},"121":{"start":{"line":295,"column":30},"end":{"line":295,"column":null}},"122":{"start":{"line":296,"column":20},"end":{"line":296,"column":null}},"123":{"start":{"line":297,"column":20},"end":{"line":297,"column":null}},"124":{"start":{"line":309,"column":8},"end":{"line":309,"column":null}},"125":{"start":{"line":309,"column":37},"end":{"line":309,"column":43}},"126":{"start":{"line":316,"column":8},"end":{"line":316,"column":null}},"127":{"start":{"line":323,"column":8},"end":{"line":323,"column":null}},"128":{"start":{"line":329,"column":8},"end":{"line":329,"column":null}},"129":{"start":{"line":333,"column":20},"end":{"line":333,"column":null}},"130":{"start":{"line":334,"column":8},"end":{"line":339,"column":null}},"131":{"start":{"line":335,"column":30},"end":{"line":335,"column":null}},"132":{"start":{"line":336,"column":12},"end":{"line":338,"column":null}},"133":{"start":{"line":337,"column":16},"end":{"line":337,"column":null}},"134":{"start":{"line":340,"column":8},"end":{"line":340,"column":null}},"135":{"start":{"line":344,"column":20},"end":{"line":344,"column":null}},"136":{"start":{"line":345,"column":8},"end":{"line":350,"column":null}},"137":{"start":{"line":346,"column":30},"end":{"line":346,"column":null}},"138":{"start":{"line":347,"column":12},"end":{"line":349,"column":null}},"139":{"start":{"line":348,"column":16},"end":{"line":348,"column":null}},"140":{"start":{"line":351,"column":8},"end":{"line":351,"column":null}},"141":{"start":{"line":355,"column":8},"end":{"line":360,"column":null}},"142":{"start":{"line":356,"column":12},"end":{"line":359,"column":null}},"143":{"start":{"line":361,"column":8},"end":{"line":361,"column":null}}},"fnMap":{"0":{"name":"(anonymous_0)","decl":{"start":{"line":27,"column":4},"end":{"line":27,"column":16}},"loc":{"start":{"line":27,"column":60},"end":{"line":30,"column":null}},"line":27},"1":{"name":"(anonymous_1)","decl":{"start":{"line":34,"column":4},"end":{"line":34,"column":8}},"loc":{"start":{"line":34,"column":58},"end":{"line":46,"column":null}},"line":34},"2":{"name":"(anonymous_2)","decl":{"start":{"line":48,"column":4},"end":{"line":48,"column":11}},"loc":{"start":{"line":48,"column":40},"end":{"line":56,"column":null}},"line":48},"3":{"name":"(anonymous_3)","decl":{"start":{"line":58,"column":4},"end":{"line":58,"column":27}},"loc":{"start":{"line":58,"column":27},"end":{"line":63,"column":null}},"line":58},"4":{"name":"(anonymous_4)","decl":{"start":{"line":65,"column":4},"end":{"line":65,"column":22}},"loc":{"start":{"line":65,"column":22},"end":{"line":70,"column":null}},"line":65},"5":{"name":"(anonymous_5)","decl":{"start":{"line":74,"column":4},"end":{"line":74,"column":11}},"loc":{"start":{"line":74,"column":64},"end":{"line":90,"column":null}},"line":74},"6":{"name":"(anonymous_6)","decl":{"start":{"line":92,"column":4},"end":{"line":92,"column":13}},"loc":{"start":{"line":92,"column":43},"end":{"line":106,"column":null}},"line":92},"7":{"name":"(anonymous_7)","decl":{"start":{"line":108,"column":4},"end":{"line":108,"column":22}},"loc":{"start":{"line":108,"column":22},"end":{"line":114,"column":null}},"line":108},"8":{"name":"(anonymous_8)","decl":{"start":{"line":116,"column":4},"end":{"line":116,"column":15}},"loc":{"start":{"line":116,"column":47},"end":{"line":118,"column":null}},"line":116},"9":{"name":"(anonymous_9)","decl":{"start":{"line":120,"column":8},"end":{"line":120,"column":33}},"loc":{"start":{"line":120,"column":33},"end":{"line":122,"column":null}},"line":120},"10":{"name":"(anonymous_10)","decl":{"start":{"line":124,"column":8},"end":{"line":124,"column":32}},"loc":{"start":{"line":124,"column":32},"end":{"line":126,"column":null}},"line":124},"11":{"name":"(anonymous_11)","decl":{"start":{"line":130,"column":4},"end":{"line":130,"column":13}},"loc":{"start":{"line":130,"column":49},"end":{"line":138,"column":null}},"line":130},"12":{"name":"(anonymous_12)","decl":{"start":{"line":142,"column":4},"end":{"line":142,"column":17}},"loc":{"start":{"line":142,"column":59},"end":{"line":146,"column":null}},"line":142},"13":{"name":"(anonymous_13)","decl":{"start":{"line":148,"column":4},"end":{"line":148,"column":19}},"loc":{"start":{"line":148,"column":58},"end":{"line":153,"column":null}},"line":148},"14":{"name":"(anonymous_14)","decl":{"start":{"line":155,"column":4},"end":{"line":155,"column":18}},"loc":{"start":{"line":155,"column":57},"end":{"line":159,"column":null}},"line":155},"15":{"name":"(anonymous_15)","decl":{"start":{"line":161,"column":4},"end":{"line":161,"column":27}},"loc":{"start":{"line":161,"column":27},"end":{"line":165,"column":null}},"line":161},"16":{"name":"(anonymous_16)","decl":{"start":{"line":167,"column":4},"end":{"line":167,"column":27}},"loc":{"start":{"line":167,"column":27},"end":{"line":183,"column":null}},"line":167},"17":{"name":"(anonymous_17)","decl":{"start":{"line":185,"column":4},"end":{"line":185,"column":41}},"loc":{"start":{"line":185,"column":41},"end":{"line":200,"column":null}},"line":185},"18":{"name":"(anonymous_18)","decl":{"start":{"line":204,"column":4},"end":{"line":204,"column":44}},"loc":{"start":{"line":204,"column":44},"end":{"line":207,"column":null}},"line":204},"19":{"name":"(anonymous_19)","decl":{"start":{"line":209,"column":4},"end":{"line":209,"column":84}},"loc":{"start":{"line":209,"column":84},"end":{"line":219,"column":null}},"line":209},"20":{"name":"(anonymous_20)","decl":{"start":{"line":227,"column":12},"end":{"line":227,"column":30}},"loc":{"start":{"line":227,"column":59},"end":{"line":256,"column":null}},"line":227},"21":{"name":"(anonymous_21)","decl":{"start":{"line":229,"column":20},"end":{"line":229,"column":25}},"loc":{"start":{"line":229,"column":25},"end":{"line":229,"column":37}},"line":229},"22":{"name":"(anonymous_22)","decl":{"start":{"line":230,"column":17},"end":{"line":230,"column":22}},"loc":{"start":{"line":230,"column":22},"end":{"line":242,"column":13}},"line":230},"23":{"name":"(anonymous_23)","decl":{"start":{"line":262,"column":4},"end":{"line":262,"column":20}},"loc":{"start":{"line":262,"column":20},"end":{"line":301,"column":null}},"line":262},"24":{"name":"(anonymous_24)","decl":{"start":{"line":268,"column":83},"end":{"line":268,"column":88}},"loc":{"start":{"line":268,"column":88},"end":{"line":277,"column":9}},"line":268},"25":{"name":"(anonymous_25)","decl":{"start":{"line":308,"column":4},"end":{"line":308,"column":30}},"loc":{"start":{"line":308,"column":30},"end":{"line":310,"column":null}},"line":308},"26":{"name":"(anonymous_26)","decl":{"start":{"line":309,"column":32},"end":{"line":309,"column":37}},"loc":{"start":{"line":309,"column":37},"end":{"line":309,"column":43}},"line":309},"27":{"name":"(anonymous_27)","decl":{"start":{"line":315,"column":4},"end":{"line":315,"column":19}},"loc":{"start":{"line":315,"column":63},"end":{"line":317,"column":null}},"line":315},"28":{"name":"(anonymous_28)","decl":{"start":{"line":322,"column":4},"end":{"line":322,"column":27}},"loc":{"start":{"line":322,"column":83},"end":{"line":324,"column":null}},"line":322},"29":{"name":"(anonymous_29)","decl":{"start":{"line":328,"column":8},"end":{"line":328,"column":30}},"loc":{"start":{"line":328,"column":30},"end":{"line":330,"column":null}},"line":328},"30":{"name":"(anonymous_30)","decl":{"start":{"line":332,"column":8},"end":{"line":332,"column":33}},"loc":{"start":{"line":332,"column":33},"end":{"line":341,"column":null}},"line":332},"31":{"name":"(anonymous_31)","decl":{"start":{"line":343,"column":8},"end":{"line":343,"column":32}},"loc":{"start":{"line":343,"column":32},"end":{"line":352,"column":null}},"line":343},"32":{"name":"(anonymous_32)","decl":{"start":{"line":354,"column":4},"end":{"line":354,"column":31}},"loc":{"start":{"line":354,"column":31},"end":{"line":362,"column":null}},"line":354}},"branchMap":{"0":{"loc":{"start":{"line":34,"column":31},"end":{"line":34,"column":58}},"type":"default-arg","locations":[{"start":{"line":34,"column":46},"end":{"line":34,"column":58}}],"line":34},"1":{"loc":{"start":{"line":38,"column":8},"end":{"line":43,"column":null}},"type":"if","locations":[{"start":{"line":38,"column":8},"end":{"line":43,"column":null}},{"start":{"line":40,"column":8},"end":{"line":43,"column":null}}],"line":38},"2":{"loc":{"start":{"line":38,"column":12},"end":{"line":38,"column":53}},"type":"binary-expr","locations":[{"start":{"line":38,"column":12},"end":{"line":38,"column":28}},{"start":{"line":38,"column":28},"end":{"line":38,"column":53}}],"line":38},"3":{"loc":{"start":{"line":40,"column":8},"end":{"line":43,"column":null}},"type":"if","locations":[{"start":{"line":40,"column":8},"end":{"line":43,"column":null}},{"start":{},"end":{}}],"line":40},"4":{"loc":{"start":{"line":50,"column":8},"end":{"line":52,"column":null}},"type":"if","locations":[{"start":{"line":50,"column":8},"end":{"line":52,"column":null}},{"start":{},"end":{}}],"line":50},"5":{"loc":{"start":{"line":74,"column":34},"end":{"line":74,"column":64}},"type":"default-arg","locations":[{"start":{"line":74,"column":51},"end":{"line":74,"column":64}}],"line":74},"6":{"loc":{"start":{"line":75,"column":8},"end":{"line":81,"column":null}},"type":"if","locations":[{"start":{"line":75,"column":8},"end":{"line":81,"column":null}},{"start":{},"end":{}}],"line":75},"7":{"loc":{"start":{"line":83,"column":8},"end":{"line":89,"column":null}},"type":"if","locations":[{"start":{"line":83,"column":8},"end":{"line":89,"column":null}},{"start":{"line":86,"column":8},"end":{"line":89,"column":null}}],"line":83},"8":{"loc":{"start":{"line":86,"column":8},"end":{"line":89,"column":null}},"type":"if","locations":[{"start":{"line":86,"column":8},"end":{"line":89,"column":null}},{"start":{},"end":{}}],"line":86},"9":{"loc":{"start":{"line":93,"column":8},"end":{"line":105,"column":null}},"type":"if","locations":[{"start":{"line":93,"column":8},"end":{"line":105,"column":null}},{"start":{"line":99,"column":15},"end":{"line":105,"column":null}}],"line":93},"10":{"loc":{"start":{"line":95,"column":12},"end":{"line":98,"column":null}},"type":"if","locations":[{"start":{"line":95,"column":12},"end":{"line":98,"column":null}},{"start":{},"end":{}}],"line":95},"11":{"loc":{"start":{"line":131,"column":8},"end":{"line":133,"column":null}},"type":"if","locations":[{"start":{"line":131,"column":8},"end":{"line":133,"column":null}},{"start":{},"end":{}}],"line":131},"12":{"loc":{"start":{"line":131,"column":12},"end":{"line":131,"column":55}},"type":"binary-expr","locations":[{"start":{"line":131,"column":12},"end":{"line":131,"column":29}},{"start":{"line":131,"column":29},"end":{"line":131,"column":55}}],"line":131},"13":{"loc":{"start":{"line":135,"column":8},"end":{"line":137,"column":null}},"type":"if","locations":[{"start":{"line":135,"column":8},"end":{"line":137,"column":null}},{"start":{},"end":{}}],"line":135},"14":{"loc":{"start":{"line":135,"column":12},"end":{"line":135,"column":40}},"type":"binary-expr","locations":[{"start":{"line":135,"column":12},"end":{"line":135,"column":22}},{"start":{"line":135,"column":22},"end":{"line":135,"column":40}}],"line":135},"15":{"loc":{"start":{"line":168,"column":8},"end":{"line":168,"column":null}},"type":"if","locations":[{"start":{"line":168,"column":8},"end":{"line":168,"column":null}},{"start":{},"end":{}}],"line":168},"16":{"loc":{"start":{"line":205,"column":8},"end":{"line":205,"column":null}},"type":"if","locations":[{"start":{"line":205,"column":8},"end":{"line":205,"column":null}},{"start":{},"end":{}}],"line":205},"17":{"loc":{"start":{"line":211,"column":8},"end":{"line":211,"column":null}},"type":"if","locations":[{"start":{"line":211,"column":8},"end":{"line":211,"column":null}},{"start":{},"end":{}}],"line":211},"18":{"loc":{"start":{"line":263,"column":8},"end":{"line":263,"column":null}},"type":"if","locations":[{"start":{"line":263,"column":8},"end":{"line":263,"column":null}},{"start":{},"end":{}}],"line":263},"19":{"loc":{"start":{"line":287,"column":8},"end":{"line":300,"column":null}},"type":"if","locations":[{"start":{"line":287,"column":8},"end":{"line":300,"column":null}},{"start":{},"end":{}}],"line":287},"20":{"loc":{"start":{"line":293,"column":16},"end":{"line":298,"column":null}},"type":"if","locations":[{"start":{"line":293,"column":16},"end":{"line":298,"column":null}},{"start":{},"end":{}}],"line":293},"21":{"loc":{"start":{"line":316,"column":16},"end":{"line":316,"column":null}},"type":"binary-expr","locations":[{"start":{"line":316,"column":16},"end":{"line":316,"column":39}},{"start":{"line":316,"column":39},"end":{"line":316,"column":null}}],"line":316},"22":{"loc":{"start":{"line":336,"column":12},"end":{"line":338,"column":null}},"type":"if","locations":[{"start":{"line":336,"column":12},"end":{"line":338,"column":null}},{"start":{},"end":{}}],"line":336},"23":{"loc":{"start":{"line":347,"column":12},"end":{"line":349,"column":null}},"type":"if","locations":[{"start":{"line":347,"column":12},"end":{"line":349,"column":null}},{"start":{},"end":{}}],"line":347},"24":{"loc":{"start":{"line":355,"column":8},"end":{"line":360,"column":null}},"type":"if","locations":[{"start":{"line":355,"column":8},"end":{"line":360,"column":null}},{"start":{},"end":{}}],"line":355}},"s":{"0":39,"1":39,"2":39,"3":39,"4":39,"5":154,"6":154,"7":154,"8":122,"9":32,"10":32,"11":154,"12":12,"13":12,"14":11,"15":12,"16":12,"17":12,"18":3,"19":3,"20":3,"21":3,"22":3,"23":4,"24":1025,"25":519,"26":1000,"27":519,"28":1025,"29":1024,"30":1024,"31":1,"32":1,"33":23,"34":14,"35":14,"36":7,"37":7,"38":9,"39":4,"40":9,"41":6,"42":6,"43":108,"44":108,"45":0,"46":1,"47":3,"48":0,"49":0,"50":0,"51":0,"52":0,"53":2,"54":2,"55":1,"56":1,"57":1,"58":1,"59":1,"60":1,"61":1,"62":2,"63":1,"64":1,"65":1,"66":1,"67":1,"68":1,"69":1,"70":1,"71":1,"72":1,"73":2,"74":2,"75":2,"76":2,"77":2,"78":2,"79":2,"80":2,"81":2,"82":0,"83":0,"84":0,"85":0,"86":0,"87":0,"88":0,"89":0,"90":0,"91":0,"92":0,"93":122,"94":5133,"95":5011,"96":5011,"97":5011,"98":5011,"99":5011,"100":5011,"101":122,"102":122,"103":122,"104":122,"105":122,"106":0,"107":0,"108":0,"109":0,"110":0,"111":0,"112":0,"113":0,"114":0,"115":0,"116":0,"117":0,"118":0,"119":0,"120":0,"121":0,"122":0,"123":0,"124":0,"125":0,"126":0,"127":0,"128":0,"129":0,"130":0,"131":0,"132":0,"133":0,"134":0,"135":0,"136":0,"137":0,"138":0,"139":0,"140":0,"141":0,"142":0,"143":0},"f":{"0":39,"1":154,"2":12,"3":3,"4":3,"5":1025,"6":23,"7":6,"8":0,"9":1,"10":3,"11":0,"12":2,"13":1,"14":1,"15":1,"16":2,"17":2,"18":0,"19":0,"20":122,"21":5133,"22":5011,"23":0,"24":0,"25":0,"26":0,"27":0,"28":0,"29":0,"30":0,"31":0,"32":0},"b":{"0":[154],"1":[122,32],"2":[154,153],"3":[32,0],"4":[11,1],"5":[1025],"6":[519,506],"7":[1024,1],"8":[1,0],"9":[14,9],"10":[7,7],"11":[0,0],"12":[0,0],"13":[0,0],"14":[0,0],"15":[1,1],"16":[0,0],"17":[0,0],"18":[0,0],"19":[0,0],"20":[0,0],"21":[0,0],"22":[0,0],"23":[0,0],"24":[0,0]},"meta":{"lastBranch":25,"lastFunction":33,"lastStatement":144,"seen":{"f:27:4:27:16":0,"s:21:4:21:Infinity":0,"s:22:4:22:Infinity":1,"s:25:4:25:Infinity":2,"s:28:8:28:Infinity":3,"s:29:8:29:Infinity":4,"f:34:4:34:8":1,"b:34:46:34:58":0,"s:35:8:35:Infinity":5,"s:36:8:36:Infinity":6,"b:38:8:43:Infinity:40:8:43:Infinity":1,"s:38:8:43:Infinity":7,"b:38:12:38:28:38:28:38:53":2,"s:39:12:39:Infinity":8,"b:40:8:43:Infinity:undefined:undefined:undefined:undefined":3,"s:40:8:43:Infinity":9,"s:42:12:42:Infinity":10,"s:45:8:45:Infinity":11,"f:48:4:48:11":2,"s:49:20:49:Infinity":12,"b:50:8:52:Infinity:undefined:undefined:undefined:undefined":4,"s:50:8:52:Infinity":13,"s:51:12:51:Infinity":14,"s:53:8:53:Infinity":15,"s:54:8:54:Infinity":16,"s:55:8:55:Infinity":17,"f:58:4:58:27":3,"s:59:25:59:Infinity":18,"s:60:8:62:Infinity":19,"s:61:12:61:Infinity":20,"f:65:4:65:22":4,"s:66:20:66:Infinity":21,"s:67:8:69:Infinity":22,"s:68:12:68:Infinity":23,"f:74:4:74:11":5,"b:74:51:74:64":5,"b:75:8:81:Infinity:undefined:undefined:undefined:undefined":6,"s:75:8:81:Infinity":24,"s:77:12:79:Infinity":25,"s:78:16:78:Infinity":26,"s:80:12:80:Infinity":27,"b:83:8:89:Infinity:86:8:89:Infinity":7,"s:83:8:89:Infinity":28,"s:84:12:84:Infinity":29,"s:85:12:85:Infinity":30,"b:86:8:89:Infinity:undefined:undefined:undefined:undefined":8,"s:86:8:89:Infinity":31,"s:88:12:88:Infinity":32,"f:92:4:92:13":6,"b:93:8:105:Infinity:99:15:105:Infinity":9,"s:93:8:105:Infinity":33,"s:94:24:94:Infinity":34,"b:95:12:98:Infinity:undefined:undefined:undefined:undefined":10,"s:95:12:98:Infinity":35,"s:96:16:96:Infinity":36,"s:97:16:97:Infinity":37,"s:101:12:103:Infinity":38,"s:102:16:102:Infinity":39,"s:104:12:104:Infinity":40,"f:108:4:108:22":7,"s:109:8:109:Infinity":41,"s:110:8:113:Infinity":42,"s:111:12:111:Infinity":43,"s:112:12:112:Infinity":44,"f:116:4:116:15":8,"s:117:8:117:Infinity":45,"f:120:8:120:33":9,"s:121:8:121:Infinity":46,"f:124:8:124:32":10,"s:125:8:125:Infinity":47,"f:130:4:130:13":11,"b:131:8:133:Infinity:undefined:undefined:undefined:undefined":11,"s:131:8:133:Infinity":48,"b:131:12:131:29:131:29:131:55":12,"s:132:12:132:Infinity":49,"s:134:8:134:Infinity":50,"b:135:8:137:Infinity:undefined:undefined:undefined:undefined":13,"s:135:8:137:Infinity":51,"b:135:12:135:22:135:22:135:40":14,"s:136:12:136:Infinity":52,"f:142:4:142:17":12,"s:143:8:145:Infinity":53,"s:144:12:144:Infinity":54,"f:148:4:148:19":13,"s:149:8:152:Infinity":55,"s:150:12:150:Infinity":56,"s:151:12:151:Infinity":57,"f:155:4:155:18":14,"s:156:8:158:Infinity":58,"s:157:12:157:Infinity":59,"f:161:4:161:27":15,"s:162:8:164:Infinity":60,"s:163:12:163:Infinity":61,"f:167:4:167:27":16,"b:168:8:168:Infinity:undefined:undefined:undefined:undefined":15,"s:168:8:168:Infinity":62,"s:168:40:168:Infinity":63,"s:170:23:170:Infinity":64,"s:171:23:171:Infinity":65,"s:172:8:172:Infinity":66,"s:174:24:174:Infinity":67,"s:175:24:175:Infinity":68,"s:177:19:177:Infinity":69,"s:178:19:178:Infinity":70,"s:180:8:182:Infinity":71,"s:181:12:181:Infinity":72,"f:185:4:185:41":17,"s:186:44:186:Infinity":73,"s:187:8:191:Infinity":74,"s:188:25:188:Infinity":75,"s:189:12:189:Infinity":76,"s:190:12:190:Infinity":77,"s:194:8:194:Infinity":78,"s:195:8:197:Infinity":79,"s:196:12:196:Infinity":80,"s:199:8:199:Infinity":81,"f:204:4:204:44":18,"b:205:8:205:Infinity:undefined:undefined:undefined:undefined":16,"s:205:8:205:Infinity":82,"s:205:40:205:Infinity":83,"s:206:8:206:Infinity":84,"f:209:4:209:84":19,"s:210:23:210:Infinity":85,"b:211:8:211:Infinity:undefined:undefined:undefined:undefined":17,"s:211:8:211:Infinity":86,"s:211:21:211:Infinity":87,"s:213:27:213:Infinity":88,"s:214:8:214:Infinity":89,"s:215:23:215:Infinity":90,"s:216:8:216:Infinity":91,"s:218:8:218:Infinity":92,"f:227:12:227:30":20,"s:228:31:242:Infinity":93,"f:229:20:229:25":21,"s:229:25:229:37":94,"f:230:17:230:22":22,"s:231:27:231:Infinity":95,"s:232:31:232:Infinity":96,"s:233:16:233:Infinity":97,"s:234:29:234:Infinity":98,"s:235:16:235:Infinity":99,"s:236:16:241:Infinity":100,"s:244:19:244:Infinity":101,"s:245:22:245:Infinity":102,"s:246:8:246:Infinity":103,"s:248:14:253:Infinity":104,"s:255:8:255:Infinity":105,"f:262:4:262:20":23,"b:263:8:263:Infinity:undefined:undefined:undefined:undefined":18,"s:263:8:263:Infinity":106,"s:263:39:263:Infinity":107,"s:265:20:265:Infinity":108,"s:268:66:277:Infinity":109,"f:268:83:268:88":24,"s:269:23:269:Infinity":110,"s:270:25:270:Infinity":111,"s:271:12:271:Infinity":112,"s:272:12:276:Infinity":113,"s:280:14:285:Infinity":114,"b:287:8:300:Infinity:undefined:undefined:undefined:undefined":19,"s:287:8:300:Infinity":115,"s:289:18:289:Infinity":116,"s:290:18:290:Infinity":117,"s:292:12:299:Infinity":118,"b:293:16:298:Infinity:undefined:undefined:undefined:undefined":20,"s:293:16:298:Infinity":119,"s:294:30:294:Infinity":120,"s:295:30:295:Infinity":121,"s:296:20:296:Infinity":122,"s:297:20:297:Infinity":123,"f:308:4:308:30":25,"s:309:8:309:Infinity":124,"f:309:32:309:37":26,"s:309:37:309:43":125,"f:315:4:315:19":27,"s:316:8:316:Infinity":126,"b:316:16:316:39:316:39:316:Infinity":21,"f:322:4:322:27":28,"s:323:8:323:Infinity":127,"f:328:8:328:30":29,"s:329:8:329:Infinity":128,"f:332:8:332:33":30,"s:333:20:333:Infinity":129,"s:334:8:339:Infinity":130,"s:335:30:335:Infinity":131,"b:336:12:338:Infinity:undefined:undefined:undefined:undefined":22,"s:336:12:338:Infinity":132,"s:337:16:337:Infinity":133,"s:340:8:340:Infinity":134,"f:343:8:343:32":31,"s:344:20:344:Infinity":135,"s:345:8:350:Infinity":136,"s:346:30:346:Infinity":137,"b:347:12:349:Infinity:undefined:undefined:undefined:undefined":23,"s:347:12:349:Infinity":138,"s:348:16:348:Infinity":139,"s:351:8:351:Infinity":140,"f:354:4:354:31":32,"b:355:8:360:Infinity:undefined:undefined:undefined:undefined":24,"s:355:8:360:Infinity":141,"s:356:12:359:Infinity":142,"s:361:8:361:Infinity":143}}}
,"/home/ghost/repos/mainsail/src/util/mesh/stl.ts": {"path":"/home/ghost/repos/mainsail/src/util/mesh/stl.ts","statementMap":{"0":{"start":{"line":17,"column":4},"end":{"line":17,"column":null}},"1":{"start":{"line":18,"column":4},"end":{"line":18,"column":null}},"2":{"start":{"line":19,"column":4},"end":{"line":19,"column":null}},"3":{"start":{"line":25,"column":24},"end":{"line":25,"column":null}},"4":{"start":{"line":27,"column":8},"end":{"line":31,"column":null}},"5":{"start":{"line":28,"column":12},"end":{"line":28,"column":null}},"6":{"start":{"line":30,"column":12},"end":{"line":30,"column":null}},"7":{"start":{"line":38,"column":23},"end":{"line":38,"column":null}},"8":{"start":{"line":39,"column":25},"end":{"line":39,"column":null}},"9":{"start":{"line":41,"column":8},"end":{"line":41,"column":null}},"10":{"start":{"line":42,"column":8},"end":{"line":42,"column":null}},"11":{"start":{"line":44,"column":8},"end":{"line":46,"column":null}},"12":{"start":{"line":45,"column":12},"end":{"line":45,"column":null}},"13":{"start":{"line":48,"column":8},"end":{"line":48,"column":null}},"14":{"start":{"line":52,"column":23},"end":{"line":52,"column":null}},"15":{"start":{"line":53,"column":26},"end":{"line":53,"column":null}},"16":{"start":{"line":54,"column":23},"end":{"line":54,"column":null}},"17":{"start":{"line":55,"column":31},"end":{"line":55,"column":null}},"18":{"start":{"line":56,"column":8},"end":{"line":56,"column":null}},"19":{"start":{"line":60,"column":23},"end":{"line":60,"column":null}},"20":{"start":{"line":61,"column":22},"end":{"line":61,"column":null}},"21":{"start":{"line":63,"column":24},"end":{"line":63,"column":null}},"22":{"start":{"line":64,"column":23},"end":{"line":64,"column":26}},"23":{"start":{"line":64,"column":37},"end":{"line":64,"column":40}},"24":{"start":{"line":64,"column":51},"end":{"line":64,"column":null}},"25":{"start":{"line":67,"column":8},"end":{"line":79,"column":null}},"26":{"start":{"line":67,"column":25},"end":{"line":67,"column":28}},"27":{"start":{"line":68,"column":12},"end":{"line":78,"column":null}},"28":{"start":{"line":73,"column":16},"end":{"line":73,"column":null}},"29":{"start":{"line":74,"column":16},"end":{"line":74,"column":null}},"30":{"start":{"line":75,"column":16},"end":{"line":75,"column":null}},"31":{"start":{"line":76,"column":16},"end":{"line":76,"column":null}},"32":{"start":{"line":77,"column":16},"end":{"line":77,"column":null}},"33":{"start":{"line":81,"column":25},"end":{"line":81,"column":null}},"34":{"start":{"line":82,"column":24},"end":{"line":82,"column":null}},"35":{"start":{"line":83,"column":23},"end":{"line":83,"column":null}},"36":{"start":{"line":85,"column":21},"end":{"line":85,"column":null}},"37":{"start":{"line":86,"column":27},"end":{"line":86,"column":null}},"38":{"start":{"line":88,"column":8},"end":{"line":126,"column":null}},"39":{"start":{"line":88,"column":24},"end":{"line":88,"column":27}},"40":{"start":{"line":89,"column":26},"end":{"line":89,"column":null}},"41":{"start":{"line":91,"column":28},"end":{"line":91,"column":null}},"42":{"start":{"line":92,"column":28},"end":{"line":92,"column":null}},"43":{"start":{"line":93,"column":28},"end":{"line":93,"column":null}},"44":{"start":{"line":95,"column":20},"end":{"line":95,"column":30}},"45":{"start":{"line":95,"column":34},"end":{"line":95,"column":44}},"46":{"start":{"line":95,"column":48},"end":{"line":95,"column":null}},"47":{"start":{"line":97,"column":12},"end":{"line":104,"column":null}},"48":{"start":{"line":98,"column":36},"end":{"line":98,"column":null}},"49":{"start":{"line":99,"column":16},"end":{"line":103,"column":null}},"50":{"start":{"line":100,"column":20},"end":{"line":100,"column":null}},"51":{"start":{"line":101,"column":20},"end":{"line":101,"column":null}},"52":{"start":{"line":102,"column":20},"end":{"line":102,"column":null}},"53":{"start":{"line":107,"column":12},"end":{"line":125,"column":null}},"54":{"start":{"line":107,"column":25},"end":{"line":107,"column":28}},"55":{"start":{"line":108,"column":36},"end":{"line":108,"column":null}},"56":{"start":{"line":110,"column":16},"end":{"line":110,"column":null}},"57":{"start":{"line":111,"column":16},"end":{"line":111,"column":null}},"58":{"start":{"line":112,"column":16},"end":{"line":112,"column":null}},"59":{"start":{"line":114,"column":16},"end":{"line":114,"column":null}},"60":{"start":{"line":115,"column":16},"end":{"line":115,"column":null}},"61":{"start":{"line":116,"column":16},"end":{"line":116,"column":null}},"62":{"start":{"line":118,"column":16},"end":{"line":122,"column":null}},"63":{"start":{"line":119,"column":20},"end":{"line":119,"column":null}},"64":{"start":{"line":120,"column":20},"end":{"line":120,"column":null}},"65":{"start":{"line":121,"column":20},"end":{"line":121,"column":null}},"66":{"start":{"line":124,"column":16},"end":{"line":124,"column":null}},"67":{"start":{"line":128,"column":8},"end":{"line":128,"column":null}},"68":{"start":{"line":132,"column":35},"end":{"line":132,"column":null}},"69":{"start":{"line":133,"column":34},"end":{"line":133,"column":null}},"70":{"start":{"line":135,"column":28},"end":{"line":135,"column":null}},"71":{"start":{"line":136,"column":30},"end":{"line":136,"column":null}},"72":{"start":{"line":137,"column":30},"end":{"line":137,"column":null}},"73":{"start":{"line":140,"column":8},"end":{"line":161,"column":null}},"74":{"start":{"line":141,"column":29},"end":{"line":141,"column":null}},"75":{"start":{"line":144,"column":32},"end":{"line":144,"column":null}},"76":{"start":{"line":145,"column":23},"end":{"line":145,"column":null}},"77":{"start":{"line":146,"column":23},"end":{"line":146,"column":null}},"78":{"start":{"line":147,"column":23},"end":{"line":147,"column":null}},"79":{"start":{"line":151,"column":28},"end":{"line":151,"column":null}},"80":{"start":{"line":152,"column":12},"end":{"line":160,"column":null}},"81":{"start":{"line":153,"column":16},"end":{"line":157,"column":null}},"82":{"start":{"line":158,"column":16},"end":{"line":158,"column":null}},"83":{"start":{"line":159,"column":16},"end":{"line":159,"column":null}},"84":{"start":{"line":163,"column":8},"end":{"line":167,"column":null}},"85":{"start":{"line":171,"column":8},"end":{"line":177,"column":null}},"86":{"start":{"line":172,"column":26},"end":{"line":172,"column":null}},"87":{"start":{"line":173,"column":12},"end":{"line":175,"column":null}},"88":{"start":{"line":173,"column":25},"end":{"line":173,"column":28}},"89":{"start":{"line":174,"column":16},"end":{"line":174,"column":null}},"90":{"start":{"line":176,"column":12},"end":{"line":176,"column":null}},"91":{"start":{"line":178,"column":8},"end":{"line":178,"column":null}},"92":{"start":{"line":182,"column":22},"end":{"line":182,"column":null}},"93":{"start":{"line":183,"column":18},"end":{"line":183,"column":null}},"94":{"start":{"line":184,"column":8},"end":{"line":186,"column":null}},"95":{"start":{"line":184,"column":21},"end":{"line":184,"column":24}},"96":{"start":{"line":185,"column":12},"end":{"line":185,"column":null}},"97":{"start":{"line":187,"column":8},"end":{"line":187,"column":null}},"98":{"start":{"line":199,"column":24},"end":{"line":199,"column":null}},"99":{"start":{"line":200,"column":4},"end":{"line":202,"column":null}},"100":{"start":{"line":201,"column":8},"end":{"line":201,"column":null}},"101":{"start":{"line":204,"column":26},"end":{"line":204,"column":null}},"102":{"start":{"line":206,"column":19},"end":{"line":206,"column":null}},"103":{"start":{"line":207,"column":17},"end":{"line":207,"column":null}},"104":{"start":{"line":208,"column":14},"end":{"line":208,"column":null}},"105":{"start":{"line":211,"column":24},"end":{"line":211,"column":null}},"106":{"start":{"line":212,"column":4},"end":{"line":214,"column":null}},"107":{"start":{"line":212,"column":17},"end":{"line":212,"column":20}},"108":{"start":{"line":213,"column":8},"end":{"line":213,"column":null}},"109":{"start":{"line":217,"column":4},"end":{"line":217,"column":null}},"110":{"start":{"line":220,"column":4},"end":{"line":253,"column":null}},"111":{"start":{"line":221,"column":21},"end":{"line":221,"column":null}},"112":{"start":{"line":222,"column":8},"end":{"line":252,"column":null}},"113":{"start":{"line":222,"column":21},"end":{"line":222,"column":24}},"114":{"start":{"line":224,"column":23},"end":{"line":224,"column":null}},"115":{"start":{"line":225,"column":23},"end":{"line":225,"column":null}},"116":{"start":{"line":226,"column":23},"end":{"line":226,"column":null}},"117":{"start":{"line":228,"column":26},"end":{"line":228,"column":null}},"118":{"start":{"line":229,"column":26},"end":{"line":229,"column":null}},"119":{"start":{"line":230,"column":27},"end":{"line":230,"column":null}},"120":{"start":{"line":233,"column":12},"end":{"line":233,"column":null}},"121":{"start":{"line":234,"column":12},"end":{"line":234,"column":null}},"122":{"start":{"line":235,"column":12},"end":{"line":235,"column":null}},"123":{"start":{"line":238,"column":12},"end":{"line":238,"column":null}},"124":{"start":{"line":239,"column":12},"end":{"line":239,"column":null}},"125":{"start":{"line":240,"column":12},"end":{"line":240,"column":null}},"126":{"start":{"line":241,"column":12},"end":{"line":241,"column":null}},"127":{"start":{"line":242,"column":12},"end":{"line":242,"column":null}},"128":{"start":{"line":243,"column":12},"end":{"line":243,"column":null}},"129":{"start":{"line":244,"column":12},"end":{"line":244,"column":null}},"130":{"start":{"line":245,"column":12},"end":{"line":245,"column":null}},"131":{"start":{"line":246,"column":12},"end":{"line":246,"column":null}},"132":{"start":{"line":249,"column":12},"end":{"line":249,"column":null}},"133":{"start":{"line":251,"column":12},"end":{"line":251,"column":null}},"134":{"start":{"line":255,"column":4},"end":{"line":255,"column":null}}},"fnMap":{"0":{"name":"(anonymous_0)","decl":{"start":{"line":16,"column":7},"end":{"line":16,"column":13}},"loc":{"start":{"line":16,"column":7},"end":{"line":19,"column":null}},"line":16},"1":{"name":"(anonymous_1)","decl":{"start":{"line":24,"column":4},"end":{"line":24,"column":10}},"loc":{"start":{"line":24,"column":56},"end":{"line":32,"column":null}},"line":24},"2":{"name":"(anonymous_2)","decl":{"start":{"line":37,"column":4},"end":{"line":37,"column":20}},"loc":{"start":{"line":37,"column":72},"end":{"line":49,"column":null}},"line":37},"3":{"name":"(anonymous_3)","decl":{"start":{"line":51,"column":12},"end":{"line":51,"column":21}},"loc":{"start":{"line":51,"column":49},"end":{"line":57,"column":null}},"line":51},"4":{"name":"(anonymous_4)","decl":{"start":{"line":59,"column":12},"end":{"line":59,"column":24}},"loc":{"start":{"line":59,"column":70},"end":{"line":129,"column":null}},"line":59},"5":{"name":"(anonymous_5)","decl":{"start":{"line":131,"column":12},"end":{"line":131,"column":23}},"loc":{"start":{"line":131,"column":64},"end":{"line":168,"column":null}},"line":131},"6":{"name":"(anonymous_6)","decl":{"start":{"line":170,"column":12},"end":{"line":170,"column":25}},"loc":{"start":{"line":170,"column":66},"end":{"line":179,"column":null}},"line":170},"7":{"name":"(anonymous_7)","decl":{"start":{"line":181,"column":12},"end":{"line":181,"column":28}},"loc":{"start":{"line":181,"column":54},"end":{"line":188,"column":null}},"line":181},"8":{"name":"encodeSTL","decl":{"start":{"line":194,"column":16},"end":{"line":194,"column":null}},"loc":{"start":{"line":197,"column":14},"end":{"line":256,"column":null}},"line":197}},"branchMap":{"0":{"loc":{"start":{"line":24,"column":29},"end":{"line":24,"column":56}},"type":"default-arg","locations":[{"start":{"line":24,"column":37},"end":{"line":24,"column":56}}],"line":24},"1":{"loc":{"start":{"line":27,"column":8},"end":{"line":31,"column":null}},"type":"if","locations":[{"start":{"line":27,"column":8},"end":{"line":31,"column":null}},{"start":{"line":29,"column":15},"end":{"line":31,"column":null}}],"line":27},"2":{"loc":{"start":{"line":37,"column":39},"end":{"line":37,"column":72}},"type":"default-arg","locations":[{"start":{"line":37,"column":47},"end":{"line":37,"column":72}}],"line":37},"3":{"loc":{"start":{"line":44,"column":8},"end":{"line":46,"column":null}},"type":"if","locations":[{"start":{"line":44,"column":8},"end":{"line":46,"column":null}},{"start":{},"end":{}}],"line":44},"4":{"loc":{"start":{"line
[...]
75:4:75:Infinity:undefined:undefined:undefined:undefined":3,"s:75:4:75:Infinity":27,"s:75:27:75:Infinity":28,"s:76:17:76:Infinity":29,"b:77:4:77:Infinity:undefined:undefined:undefined:undefined":4,"s:77:4:77:Infinity":30,"s:77:31:77:Infinity":31,"s:79:4:79:Infinity":32,"f:85:9:85:27":1,"s:86:16:86:Infinity":33,"s:87:16:87:Infinity":34,"s:88:16:88:Infinity":35,"s:89:16:89:Infinity":36,"s:91:18:91:Infinity":37,"b:92:4:92:Infinity:undefined:undefined:undefined:undefined":5,"s:92:4:92:Infinity":38,"s:92:35:92:Infinity":39,"s:94:15:94:Infinity":40,"s:95:15:95:Infinity":41,"s:96:10:96:Infinity":42,"s:98:4:101:Infinity":43,"f:104:9:104:21":2,"s:105:15:105:Infinity":44,"s:106:14:106:Infinity":45,"s:107:4:110:Infinity":46,"s:107:17:107:20":47,"s:108:14:108:Infinity":48,"s:109:8:109:Infinity":49,"s:111:4:111:Infinity":50,"f:118:9:118:Infinity":3,"s:127:40:127:Infinity":51,"s:128:25:128:Infinity":52,"s:130:4:149:Infinity":53,"s:130:17:130:20":54,"s:131:14:131:Infinity":55,"s:132:19:132:Infinity":56,"s:133:19:133:Infinity":57,"s:134:21:134:Infinity":58,"s:137:33:137:Infinity":59,"s:139:8:148:Infinity":60,"s:151:4:151:Infinity":61,"f:162:16:162:Infinity":4,"s:168:40:168:Infinity":62,"s:169:37:169:Infinity":63,"s:170:10:170:Infinity":64,"b:170:23:170:43:170:43:170:64":6,"s:173:26:173:Infinity":65,"f:173:42:173:43":5,"s:173:49:173:71":66,"b:173:49:173:63:173:63:173:71":7,"s:174:25:174:Infinity":67,"f:174:41:174:42":6,"s:174:48:174:71":68,"b:174:48:174:63:174:63:174:71":8,"s:176:4:210:Infinity":69,"s:177:26:177:Infinity":70,"s:179:8:209:Infinity":71,"s:179:25:179:28":72,"s:180:27:180:Infinity":73,"s:181:31:181:Infinity":74,"b:183:12:183:Infinity:undefined:undefined:undefined:undefined":9,"s:183:12:183:Infinity":75,"s:183:39:183:Infinity":76,"s:185:35:185:Infinity":77,"b:185:49:185:64:185:64:185:Infinity":10,"s:186:25:194:Infinity":78,"s:195:12:195:Infinity":79,"b:198:12:208:Infinity:undefined:undefined:undefined:undefined":11,"s:198:12:208:Infinity":80,"s:199:36:199:Infinity":81,"s:200:34:200:Infinity":82,"b:201:16:207:Infinity:undefined:undefined:undefined:undefined":12,"s:201:16:207:Infinity":83,"s:202:20:206:Infinity":84,"s:213:4:232:Infinity":85,"s:214:8:231:Infinity":86,"s:214:25:214:28":87,"s:215:27:215:Infinity":88,"s:216:31:216:Infinity":89,"b:218:12:218:Infinity:undefined:undefined:undefined:undefined":13,"s:218:12:218:Infinity":90,"s:218:39:218:Infinity":91,"s:220:35:220:Infinity":92,"b:220:49:220:64:220:64:220:Infinity":14,"s:221:25:229:Infinity":93,"s:230:12:230:Infinity":94,"s:234:4:234:Infinity":95}}}
,"/home/ghost/repos/mainsail/src/util/slicer/algorithms/toolpathPlanner.ts": {"path":"/home/ghost/repos/mainsail/src/util/slicer/algorithms/toolpathPlanner.ts","statementMap":{"0":{"start":{"line":10,"column":16},"end":{"line":10,"column":null}},"1":{"start":{"line":13,"column":4},"end":{"line":13,"column":null}},"2":{"start":{"line":21,"column":4},"end":{"line":21,"column":null}},"3":{"start":{"line":21,"column":30},"end":{"line":21,"column":null}},"4":{"start":{"line":23,"column":17},"end":{"line":23,"column":null}},"5":{"start":{"line":24,"column":39},"end":{"line":24,"column":null}},"6":{"start":{"line":25,"column":27},"end":{"line":25,"column":null}},"7":{"start":{"line":27,"column":4},"end":{"line":67,"column":null}},"8":{"start":{"line":27,"column":20},"end":{"line":27,"column":23}},"9":{"start":{"line":28,"column":22},"end":{"line":28,"column":null}},"10":{"start":{"line":29,"column":23},"end":{"line":29,"column":null}},"11":{"start":{"line":30,"column":26},"end":{"line":30,"column":null}},"12":{"start":{"line":32,"column":8},"end":{"line":48,"column":null}},"13":{"start":{"line":32,"column":21},"end":{"line":32,"column":24}},"14":{"start":{"line":33,"column":12},"end":{"line":33,"column":null}},"15":{"start":{"line":33,"column":25},"end":{"line":33,"column":null}},"16":{"start":{"line":35,"column":25},"end":{"line":35,"column":null}},"17":{"start":{"line":36,"column":25},"end":{"line":36,"column":null}},"18":{"start":{"line":38,"column":12},"end":{"line":42,"column":null}},"19":{"start":{"line":39,"column":16},"end":{"line":39,"column":null}},"20":{"start":{"line":40,"column":16},"end":{"line":40,"column":null}},"21":{"start":{"line":41,"column":16},"end":{"line":41,"column":null}},"22":{"start":{"line":43,"column":12},"end":{"line":47,"column":null}},"23":{"start":{"line":44,"column":16},"end":{"line":44,"column":null}},"24":{"start":{"line":45,"column":16},"end":{"line":45,"column":null}},"25":{"start":{"line":46,"column":16},"end":{"line":46,"column":null}},"26":{"start":{"line":50,"column":8},"end":{"line":50,"column":null}},"27":{"start":{"line":50,"column":25},"end":{"line":50,"column":null}},"28":{"start":{"line":52,"column":8},"end":{"line":52,"column":null}},"29":{"start":{"line":53,"column":20},"end":{"line":53,"column":null}},"30":{"start":{"line":55,"column":8},"end":{"line":66,"column":null}},"31":{"start":{"line":57,"column":12},"end":{"line":61,"column":null}},"32":{"start":{"line":62,"column":12},"end":{"line":62,"column":null}},"33":{"start":{"line":64,"column":12},"end":{"line":64,"column":null}},"34":{"start":{"line":65,"column":12},"end":{"line":65,"column":null}},"35":{"start":{"line":69,"column":4},"end":{"line":69,"column":null}},"36":{"start":{"line":81,"column":4},"end":{"line":81,"column":null}},"37":{"start":{"line":81,"column":31},"end":{"line":81,"column":null}},"38":{"start":{"line":83,"column":38},"end":{"line":83,"column":null}},"39":{"start":{"line":84,"column":27},"end":{"line":84,"column":null}},"40":{"start":{"line":85,"column":32},"end":{"line":85,"column":null}},"41":{"start":{"line":87,"column":27},"end":{"line":87,"column":null}},"42":{"start":{"line":89,"column":4},"end":{"line":108,"column":null}},"43":{"start":{"line":90,"column":27},"end":{"line":90,"column":null}},"44":{"start":{"line":93,"column":8},"end":{"line":104,"column":null}},"45":{"start":{"line":94,"column":12},"end":{"line":103,"column":null}},"46":{"start":{"line":106,"column":8},"end":{"line":106,"column":null}},"47":{"start":{"line":107,"column":8},"end":{"line":107,"column":null}},"48":{"start":{"line":110,"column":4},"end":{"line":110,"column":null}},"49":{"start":{"line":122,"column":4},"end":{"line":122,"column":null}},"50":{"start":{"line":122,"column":70},"end":{"line":122,"column":null}},"51":{"start":{"line":125,"column":15},"end":{"line":125,"column":25}},"52":{"start":{"line":125,"column":32},"end":{"line":125,"column":43}},"53":{"start":{"line":125,"column":50},"end":{"line":125,"column":60}},"54":{"start":{"line":125,"column":67},"end":{"line":125,"column":null}},"55":{"start":{"line":126,"column":4},"end":{"line":134,"column":null}},"56":{"start":{"line":127,"column":8},"end":{"line":127,"column":null}},"57":{"start":{"line":127,"column":35},"end":{"line":127,"column":null}},"58":{"start":{"line":128,"column":8},"end":{"line":133,"column":null}},"59":{"start":{"line":129,"column":12},"end":{"line":129,"column":null}},"60":{"start":{"line":129,"column":29},"end":{"line":129,"column":null}},"61":{"start":{"line":130,"column":12},"end":{"line":130,"column":null}},"62":{"start":{"line":130,"column":29},"end":{"line":130,"column":null}},"63":{"start":{"line":131,"column":12},"end":{"line":131,"column":null}},"64":{"start":{"line":131,"column":29},"end":{"line":131,"column":null}},"65":{"start":{"line":132,"column":12},"end":{"line":132,"column":null}},"66":{"start":{"line":132,"column":29},"end":{"line":132,"column":null}},"67":{"start":{"line":136,"column":40},"end":{"line":136,"column":null}},"68":{"start":{"line":137,"column":25},"end":{"line":137,"column":null}},"69":{"start":{"line":138,"column":21},"end":{"line":138,"column":null}},"70":{"start":{"line":140,"column":4},"end":{"line":166,"column":null}},"71":{"start":{"line":140,"column":20},"end":{"line":140,"column":23}},"72":{"start":{"line":141,"column":18},"end":{"line":141,"column":null}},"73":{"start":{"line":142,"column":24},"end":{"line":147,"column":null}},"74":{"start":{"line":149,"column":8},"end":{"line":165,"column":null}},"75":{"start":{"line":149,"column":21},"end":{"line":149,"column":24}},"76":{"start":{"line":150,"column":25},"end":{"line":150,"column":null}},"77":{"start":{"line":151,"column":23},"end":{"line":151,"column":null}},"78":{"start":{"line":152,"column":28},"end":{"line":152,"column":null}},"79":{"start":{"line":153,"column":37},"end":{"line":153,"column":null}},"80":{"start":{"line":155,"column":12},"end":{"line":164,"column":null}},"81":{"start":{"line":168,"column":4},"end":{"line":168,"column":null}},"82":{"start":{"line":187,"column":23},"end":{"line":187,"column":null}},"83":{"start":{"line":187,"column":51},"end":{"line":187,"column":74}},"84":{"start":{"line":188,"column":23},"end":{"line":188,"column":null}},"85":{"start":{"line":188,"column":51},"end":{"line":188,"column":74}},"86":{"start":{"line":189,"column":19},"end":{"line":189,"column":null}},"87":{"start":{"line":189,"column":48},"end":{"line":189,"column":66}},"88":{"start":{"line":190,"column":18},"end":{"line":190,"column":null}},"89":{"start":{"line":190,"column":47},"end":{"line":190,"column":64}},"90":{"start":{"line":191,"column":19},"end":{"line":191,"column":null}},"91":{"start":{"line":191,"column":48},"end":{"line":191,"column":67}},"92":{"start":{"line":194,"column":20},"end":{"line":200,"column":null}},"93":{"start":{"line":203,"column":24},"end":{"line":203,"column":null}},"94":{"start":{"line":206,"column":24},"end":{"line":206,"column":null}},"95":{"start":{"line":207,"column":4},"end":{"line":211,"column":null}},"96":{"start":{"line":208,"column":8},"end":{"line":210,"column":null}},"97":{"start":{"line":209,"column":12},"end":{"line":209,"column":null}},"98":{"start":{"line":213,"column":4},"end":{"line":218,"column":null}}},"fnMap":{"0":{"name":"dist","decl":{"start":{"line":12,"column":9},"end":{"line":12,"column":14}},"loc":{"start":{"line":12,"column":40},"end":{"line":14,"column":null}},"line":12},"1":{"name":"orderSegments","decl":{"start":{"line":20,"column":9},"end":{"line":20,"column":23}},"loc":{"start":{"line":20,"column":71},"end":{"line":70,"column":null}},"line":20},"2":{"name":"insertTravels","decl":{"start":{"line":76,"column":9},"end":{"line":76,"column":null}},"loc":{"start":{"line":80,"column":21},"end":{"line":111,"column":null}},"line":80},"3":{"name":"generateSkirt","decl":{"start":{"line":117,"column":16},"end":{"line":117,"column":null}},"loc":{"start":{"line":121,"column":21},"end":{"line":169,"column":null}},"line":121},"4":{"name":"planLayer","decl":{"start":{"line":177,"column":16},"end":{"line":177,"column":null}},"loc":{"start":{"line":184,"column":17},"end":{"line":219,"column":null}},"line":184},"5":{"name":"(anonymous_5)","decl":{"start":{"line":187,"column":44},"end":{"line":187,"column":45}},"loc":{"start":{"line":187,"column":51},"end":{"line":187,"column":74}},"line":187},"6":{"name":"(anonymous_6)","decl":{"start":{"line":188,"column":44},"end":{"line":188,"column":45}},"loc":{"start":{"line":188,"column":51},"end":{"line":188,"column":74}},"line":188},"7":{"name":"(anonymous_7)","decl":{"start":{"line":189,"column":41},"end":{"line":189,"column":42}},"loc":{"start":{"line":189,"column":48},"end":{"line":189,"column":66}},"line":189},"8":{"name":"(anonymous_8)","decl":{"start":{"line":190,"column":40},"end":{"line":190,"column":41}},"loc":{"start":{"line":190,"column":47},"end":{"line":190,"column":64}},"line":190},"9":{"name":"(anonymous_9)","decl":{"start":{"line":191,"column":41},"end":{"line":191,"column":42}},"loc":{"start":{"line":191,"column":48},"end":{"line":191,"column":67}},"line":191}},"branchMap":{"0":{"loc":{"start":{"line":21,"column":4},"end":{"line":21,"column":null}},"type":"if","locations":[{"start":{"line":21,"column":4},"end":{"line":21,"column":null}},{"start":{},"end":{}}],"line":21},"1":{"loc":{"start":{"line":33,"column":12},"end":{"line":33,"column":null}},"type":"if","locations":[{"start":{"line":33,"column":12},"end":{"line":33,"column":null}},{"start":{},"end":{}}],"line":33},"2":{"loc":{"start":{"line":38,"column":12},"end":{"line":42,"column":null}},"type":"if","locations":[{"start":{"line":38,"column":12},"end":{"line":42,"column":null}},{"start":{},"end":{}}],"line":38},"3":{"loc":{"start":{"line":43,"column":12},"end":{"line":47,"column":null}},"type":"if","locations":[{"start":{"line":43,"column":12},"end":{"line":47,"column":null}},{"start":{},"end":{}}],"line":43},"4":{"loc":{"start":{"line":50,"column":8},"end":{"line":50,"column":null}},"type":"if","locations":[{"start":{"line":50,"column":8},"end":{"line":50,"column":null}},{"start":{},"end":{}}],"line":50},"5":{"loc":{"start":{"line":55,"column":8},"end":{"line":66,"column":null}},"type":"if","locations":[{"start":{"line":55,"column":8},"end":{"line":66,"column":null}},{"start":{"line":63,"column":15},"end":{"line":66,"column":null}}],"line":55},"6":{"loc":{"start":{"line":81,"column":4},"end":{"line":81,"column":null}},"type":"if","locations":[{"start":{"line":81,"column":4},"end":{"line":81,"column":null}},{"start":{},"end":{}}],"line":81},"7":{"loc":{"start":{"line":93,"column":8},"end":{"line":104,"column":null}},"type":"if","locations":[{"start":{"line":93,"column":8},"end":{"line":104,"column":null}},{"start":{},"end":{}}],"line":93},"8":{"loc":{"start":{"line":102,"column":33},"end":{"line":102,"column":null}},"type":"cond-expr","locations":[{"start":{"line":102,"column":68},"end":{"line":102,"column":94}},{"start":{"line":102,"column":94},"end":{"line":102,"column":null}}],"line":102},"9":{"loc":{"start":{"line":122,"column":4},"end":{"line":122,"column":null}},"type":"if","locations":[{"start":{"line":122,"column":4},"end":{"line":122,"column":null}},{"start":{},"end":{}}],"line":122},"10":{"loc":{"start":{"line":122,"column":8},"end":{"line":122,"column":70}},"type":"binary-expr","locations":[{"start":{"line":122,"column":8},"end":{"line":122,"column":34}},{"start":{"line":122,"column":34},"end":{"line":122,"column":70}}],"line":122},"11":{"loc":{"start":{"line":127,"column":8},"end":{"line":127,"column":null}},"type":"if","locations":[{"start":{"line":127,"column":8},"end":{"line":127,"column":null}},{"start":{},"end":{}}],"line":127},"12":{"loc":{"start":{"line":129,"column":12},"end":{"line":129,"column":null}},"type":"if","locations":[{"start":{"line":129,"column":12},"end":{"line":129,"column":null}},{"start":{},"end":{}}],"line":129},"13":{"loc":{"start":{"line":130,"column":12},"end":{"line":130,"column":null}},"type":"if","locations":[{"start":{"line":130,"column":12},"end":{"line":130,"column":null}},{"start":{},"end":{}}],"line":130},"14":{"loc":{"start":{"line":131,"column":12},"end":{"line":131,"column":null}},"type":"if","locations":[{"start":{"line":131,"column":12},"end":{"line":131,"column":null}},{"start":{},"end":{}}],"line":131},"15":{"loc":{"start":{"line":132,"column":12},"end":{"line":132,"column":null}},"type":"if","locations":[{"start":{"line":132,"column":12},"end":{"line":132,"column":null}},{"start":{},"end":{}}],"line":132},"16":{"loc":{"start":{"line":208,"column":8},"end":{"line":210,"column":null}},"type":"if","locations":[{"start":{"line":208,"column":8},"end":{"line":210,"column":null}},{"start":{},"end":{}}],"line":208}},"s":{"0":0,"1":0,"2":0,"3":0,"4":0,"5":0,"6":0,"7":0,"8":0,"9":0,"10":0,"11":0,"12":0,"13":0,"14":0,"15":0,"16":0,"17":0,"18":0,"19":0,"20":0,"21":0,"22":0,"23":0,"24":0,"25":0,"26":0,"27":0,"28":0,"29":0,"30":0,"31":0,"32":0,"33":0,"34":0,"35":0,"36":0,"37":0,"38":0,"39":0,"40":0,"41":0,"42":0,"43":0,"44":0,"45":0,"46":0,"47":0,"48":0,"49":0,"50":0,"51":0,"52":0,"53":0,"54":0,"55":0,"56":0,"57":0,"58":0,"59":0,"60":0,"61":0,"62":0,"63":0,"64":0,"65":0,"66":0,"67":0,"68":0,"69":0,"70":0,"71":0,"72":0,"73":0,"74":0,"75":0,"76":0,"77":0,"78":0,"79":0,"80":0,"81":0,"82":0,"83":0,"84":0,"85":0,"86":0,"87":0,"88":0,"89":0,"90":0,"91":0,"92":0,"93":0,"94":0,"95":0,"96":0,"97":0,"98":0},"f":{"0":0,"1":0,"2":0,"3":0,"4":0,"5":0,"6":0,"7":0,"8":0,"9":0},"b":{"0":[0,0],"1":[0,0],"2":[0,0],"3":[0,0],"4":[0,0],"5":[0,0],"6":[0,0],"7":[0,0],"8":[0,0],"9":[0,0],"10":[0,0],"11":[0,0],"12":[0,0],"13":[0,0],"14":[0,0],"15":[0,0],"16":[0,0]},"meta":{"lastBranch":17,"lastFunction":10,"lastStatement":99,"seen":{"s:10:16:10:Infinity":0,"f:12:9:12:14":0,"s:13:4:13:Infinity":1,"f:20:9:20:23":1,"b:21:4:21:Infinity:undefined:undefined:undefined:undefined":0,"s:21:4:21:Infinity":2,"s:21:30:21:Infinity":3,"s:23:17:23:Infinity":4,"s:24:39:24:Infinity":5,"s:25:27:25:Infinity":6,"s:27:4:67:Infinity":7,"s:27:20:27:23":8,"s:28:22:28:Infinity":9,"s:29:23:29:Infinity":10,"s:30:26:30:Infinity":11,"s:32:8:48:Infinity":12,"s:32:21:32:24":13,"b:33:12:33:Infinity:undefined:undefined:undefined:undefined":1,"s:33:12:33:Infinity":14,"s:33:25:33:Infinity":15,"s:35:25:35:Infinity":16,"s:36:25:36:Infinity":17,"b:38:12:42:Infinity:undefined:undefined:undefined:undefined":2,"s:38:12:42:Infinity":18,"s:39:16:39:Infinity":19,"s:40:16:40:Infinity":20,"s:41:16:41:Infinity":21,"b:43:12:47:Infinity:undefined:undefined:undefined:undefined":3,"s:43:12:47:Infinity":22,"s:44:16:44:Infinity":23,"s:45:16:45:Infinity":24,"s:46:16:46:Infinity":25,"b:50:8:50:Infinity:undefined:undefined:undefined:undefined":4,"s:50:8:50:Infinity":26,"s:50:25:50:Infinity":27,"s:52:8:52:Infinity":28,"s:53:20:53:Infinity":29,"b:55:8:66:Infinity:63:15:66:Infinity":5,"s:55:8:66:Infinity":30,"s:57:12:61:Infinity":31,"s:62:12:62:Infinity":32,"s:64:12:64:Infinity":33,"s:65:12:65:Infinity":34,"s:69:4:69:Infinity":35,"f:76:9:76:Infinity":2,"b:81:4:81:Infinity:undefined:undefined:undefined:undefined":6,"s:81:4:81:Infinity":36,"s:81:31:81:Infinity":37,"s:83:38:83:Infinity":38,"s:84:27:84:Infinity":39,"s:85:32:85:Infinity":40,"s:87:27:87:Infinity":41,"s:89:4:108:Infinity":42,"s:90:27:90:Infinity":43,"b:93:8:104:Infinity:undefined:undefined:undefined:undefined":7,"s:93:8:104:Infinity":44,"s:94:12:103:Infinity":45,"b:102:68:102:94:102:94:102:Infinity":8,"s:106:8:106:Infinity":46,"s:107:8:107:Infinity":47,"s:110:4:110:Infinity":48,"f:117:16:117:Infinity":3,"b:122:4:122:Infinity:undefined:undefined:undefined:undefined":9,"s:122:4:122:Infinity":49,"b:122:8:122:34:122:34:122:70":10,"s:122:70:122:Infinity":50,"s:125:15:125:25":51,"s:125:32:125:43":52,"s:125:50:125:60":53,"s:125:67:125:Infinity":54,"s:126:4:134:Infinity":55,"b:127:8:127:Infinity:undefined:undefined:undefined:undefined":11,"s:127:8:127:Infinity":56,"s:127:35:127:Infinity":57,"s:128:8:133:Infinity":58,"b:129:12:129:Infinity:undefined:undefined:undefined:undefined":12,"s:129:12:129:Infinity":59,"s:129:29:129:Infinity":60,"b:130:12:130:Infinity:undefined:undefined:undefined:undefined":13,"s:130:12:130:Infinity":61,"s:130:29:130:Infinity":62,"b:131:12:131:Infinity:undefined:undefined:undefined:undefined":14,"s:131:12:131:Infinity":63,"s:131:29:131:Infinity":64,"b:132:12:132:Infinity:undefined:undefined:undefined:undefined":15,"s:132:12:132:Infinity":65,"s:132:29:132:Infinity":66,"s:136:40:136:Infinity":67,"s:137:25:137:Infinity":68,"s:138:21:138:Infinity":69,"s:140:4:166:Infinity":70,"s:140:20:140:23":71,"s:141:18:141:Infinity":72,"s:142:24:147:Infinity":73,"s:149:8:165:Infinity":74,"s:149:21:149:24":75,"s:150:25:150:Infinity":76,"s:151:23:151:Infinity":77,"s:152:28:152:Infinity":78,"s:153:37:153:Infinity":79,"s:155:12:164:Infinity":80,"s:168:4:168:Infinity":81,"f:177:16:177:Infinity":4,"s:187:23:187:Infinity":82,"f:187:44:187:45":5,"s:187:51:187:74":83,"s:188:23:188:Infinity":84,"f:188:44:188:45":6,"s:188:51:188:74":85,"s:189:19:189:Infinity":86,"f:189:41:189:42":7,"s:189:48:189:66":87,"s:190:18:190:Infinity":88,"f:190:40:190:41":8,"s:190:47:190:64":89,"s:191:19:191:Infinity":90,"f:191:41:191:42":9,"s:191:48:191:67":91,"s:194:20:200:Infinity":92,"s:203:24:203:Infinity":93,"s:206:24:206:Infinity":94,"s:207:4:211:Infinity":95,"b:208:8:210:Infinity:undefined:undefined:undefined:undefined":16,"s:208:8:210:Infinity":96,"s:209:12:209:Infinity":97,"s:213:4:218:Infinity":98}}}
}
